mode: set
terraform-provider-genesyscloud/genesyscloud/architect_datatable/data_source_genesyscloud_architect_datatable.go:17.116,24.72 4 1
terraform-provider-genesyscloud/genesyscloud/architect_datatable/data_source_genesyscloud_architect_datatable.go:24.72,28.20 4 1
terraform-provider-genesyscloud/genesyscloud/architect_datatable/data_source_genesyscloud_architect_datatable.go:28.20,30.4 1 0
terraform-provider-genesyscloud/genesyscloud/architect_datatable/data_source_genesyscloud_architect_datatable.go:32.3,32.67 1 1
terraform-provider-genesyscloud/genesyscloud/architect_datatable/data_source_genesyscloud_architect_datatable.go:32.67,34.4 1 0
terraform-provider-genesyscloud/genesyscloud/architect_datatable/data_source_genesyscloud_architect_datatable.go:36.3,38.13 3 1
terraform-provider-genesyscloud/genesyscloud/architect_datatable/resource_genesyscloud_architect_datatable.go:47.154,53.16 4 0
terraform-provider-genesyscloud/genesyscloud/architect_datatable/resource_genesyscloud_architect_datatable.go:53.16,55.3 1 0
terraform-provider-genesyscloud/genesyscloud/architect_datatable/resource_genesyscloud_architect_datatable.go:57.2,57.32 1 0
terraform-provider-genesyscloud/genesyscloud/architect_datatable/resource_genesyscloud_architect_datatable.go:57.32,59.3 1 0
terraform-provider-genesyscloud/genesyscloud/architect_datatable/resource_genesyscloud_architect_datatable.go:61.2,61.23 1 0
terraform-provider-genesyscloud/genesyscloud/architect_datatable/resource_genesyscloud_architect_datatable.go:64.111,75.20 8 1
terraform-provider-genesyscloud/genesyscloud/architect_datatable/resource_genesyscloud_architect_datatable.go:75.20,77.3 1 0
terraform-provider-genesyscloud/genesyscloud/architect_datatable/resource_genesyscloud_architect_datatable.go:79.2,84.22 2 1
terraform-provider-genesyscloud/genesyscloud/architect_datatable/resource_genesyscloud_architect_datatable.go:84.22,86.3 1 0
terraform-provider-genesyscloud/genesyscloud/architect_datatable/resource_genesyscloud_architect_datatable.go:88.2,88.23 1 1
terraform-provider-genesyscloud/genesyscloud/architect_datatable/resource_genesyscloud_architect_datatable.go:88.23,90.3 1 1
terraform-provider-genesyscloud/genesyscloud/architect_datatable/resource_genesyscloud_architect_datatable.go:92.2,93.16 2 1
terraform-provider-genesyscloud/genesyscloud/architect_datatable/resource_genesyscloud_architect_datatable.go:93.16,95.3 1 0
terraform-provider-genesyscloud/genesyscloud/architect_datatable/resource_genesyscloud_architect_datatable.go:97.2,100.45 3 1
terraform-provider-genesyscloud/genesyscloud/architect_datatable/resource_genesyscloud_architect_datatable.go:103.109,109.66 4 1
terraform-provider-genesyscloud/genesyscloud/architect_datatable/resource_genesyscloud_architect_datatable.go:109.66,111.20 2 1
terraform-provider-genesyscloud/genesyscloud/architect_datatable/resource_genesyscloud_architect_datatable.go:111.20,112.30 1 0
terraform-provider-genesyscloud/genesyscloud/architect_datatable/resource_genesyscloud_architect_datatable.go:112.30,114.5 1 0
terraform-provider-genesyscloud/genesyscloud/architect_datatable/resource_genesyscloud_architect_datatable.go:115.4,115.107 1 0
terraform-provider-genesyscloud/genesyscloud/architect_datatable/resource_genesyscloud_architect_datatable.go:117.3,121.35 4 1
terraform-provider-genesyscloud/genesyscloud/architect_datatable/resource_genesyscloud_architect_datatable.go:121.35,123.4 1 1
terraform-provider-genesyscloud/genesyscloud/architect_datatable/resource_genesyscloud_architect_datatable.go:123.9,125.4 1 0
terraform-provider-genesyscloud/genesyscloud/architect_datatable/resource_genesyscloud_architect_datatable.go:127.3,127.68 1 1
terraform-provider-genesyscloud/genesyscloud/architect_datatable/resource_genesyscloud_architect_datatable.go:127.68,129.4 1 1
terraform-provider-genesyscloud/genesyscloud/architect_datatable/resource_genesyscloud_architect_datatable.go:129.9,131.4 1 0
terraform-provider-genesyscloud/genesyscloud/architect_datatable/resource_genesyscloud_architect_datatable.go:133.3,135.25 2 1
terraform-provider-genesyscloud/genesyscloud/architect_datatable/resource_genesyscloud_architect_datatable.go:139.111,151.20 9 1
terraform-provider-genesyscloud/genesyscloud/architect_datatable/resource_genesyscloud_architect_datatable.go:151.20,153.3 1 0
terraform-provider-genesyscloud/genesyscloud/architect_datatable/resource_genesyscloud_architect_datatable.go:155.2,161.22 2 1
terraform-provider-genesyscloud/genesyscloud/architect_datatable/resource_genesyscloud_architect_datatable.go:161.22,163.3 1 1
terraform-provider-genesyscloud/genesyscloud/architect_datatable/resource_genesyscloud_architect_datatable.go:165.2,165.23 1 1
terraform-provider-genesyscloud/genesyscloud/architect_datatable/resource_genesyscloud_architect_datatable.go:165.23,167.3 1 1
terraform-provider-genesyscloud/genesyscloud/architect_datatable/resource_genesyscloud_architect_datatable.go:169.2,170.16 2 1
terraform-provider-genesyscloud/genesyscloud/architect_datatable/resource_genesyscloud_architect_datatable.go:170.16,172.3 1 0
terraform-provider-genesyscloud/genesyscloud/architect_datatable/resource_genesyscloud_architect_datatable.go:174.2,175.45 2 1
terraform-provider-genesyscloud/genesyscloud/architect_datatable/resource_genesyscloud_architect_datatable.go:178.111,186.16 6 1
terraform-provider-genesyscloud/genesyscloud/architect_datatable/resource_genesyscloud_architect_datatable.go:186.16,188.3 1 0
terraform-provider-genesyscloud/genesyscloud/architect_datatable/resource_genesyscloud_architect_datatable.go:190.2,190.72 1 1
terraform-provider-genesyscloud/genesyscloud/architect_datatable/resource_genesyscloud_architect_datatable.go:190.72,193.17 2 1
terraform-provider-genesyscloud/genesyscloud/architect_datatable/resource_genesyscloud_architect_datatable.go:193.17,194.30 1 1
terraform-provider-genesyscloud/genesyscloud/architect_datatable/resource_genesyscloud_architect_datatable.go:194.30,198.5 2 1
terraform-provider-genesyscloud/genesyscloud/architect_datatable/resource_genesyscloud_architect_datatable.go:199.4,199.106 1 0
terraform-provider-genesyscloud/genesyscloud/architect_datatable/resource_genesyscloud_architect_datatable.go:201.3,201.81 1 0
terraform-provider-genesyscloud/genesyscloud/architect_datatable/resource_genesyscloud_architect_datatable_proxy.go:30.104,40.2 2 1
terraform-provider-genesyscloud/genesyscloud/architect_datatable/resource_genesyscloud_architect_datatable_proxy.go:42.104,43.26 1 1
terraform-provider-genesyscloud/genesyscloud/architect_datatable/resource_genesyscloud_architect_datatable_proxy.go:43.26,45.3 1 1
terraform-provider-genesyscloud/genesyscloud/architect_datatable/resource_genesyscloud_architect_datatable_proxy.go:47.2,47.22 1 1
terraform-provider-genesyscloud/genesyscloud/architect_datatable/resource_genesyscloud_architect_datatable_proxy.go:50.154,52.2 1 1
terraform-provider-genesyscloud/genesyscloud/architect_datatable/resource_genesyscloud_architect_datatable_proxy.go:54.154,56.2 1 1
terraform-provider-genesyscloud/genesyscloud/architect_datatable/resource_genesyscloud_architect_datatable_proxy.go:58.157,60.2 1 1
terraform-provider-genesyscloud/genesyscloud/architect_datatable/resource_genesyscloud_architect_datatable_proxy.go:62.151,64.2 1 0
terraform-provider-genesyscloud/genesyscloud/architect_datatable/resource_genesyscloud_architect_datatable_proxy.go:66.131,68.2 1 1
terraform-provider-genesyscloud/genesyscloud/architect_datatable/resource_genesyscloud_architect_datatable_proxy.go:70.182,77.19 4 1
terraform-provider-genesyscloud/genesyscloud/architect_datatable/resource_genesyscloud_architect_datatable_proxy.go:77.19,80.3 2 1
terraform-provider-genesyscloud/genesyscloud/architect_datatable/resource_genesyscloud_architect_datatable_proxy.go:82.2,85.62 2 1
terraform-provider-genesyscloud/genesyscloud/architect_datatable/resource_genesyscloud_architect_datatable_proxy.go:85.62,87.3 1 1
terraform-provider-genesyscloud/genesyscloud/architect_datatable/resource_genesyscloud_architect_datatable_proxy.go:89.2,96.16 6 1
terraform-provider-genesyscloud/genesyscloud/architect_datatable/resource_genesyscloud_architect_datatable_proxy.go:96.17,98.3 0 0
terraform-provider-genesyscloud/genesyscloud/architect_datatable/resource_genesyscloud_architect_datatable_proxy.go:98.8,98.34 1 1
terraform-provider-genesyscloud/genesyscloud/architect_datatable/resource_genesyscloud_architect_datatable_proxy.go:98.34,100.3 1 0
terraform-provider-genesyscloud/genesyscloud/architect_datatable/resource_genesyscloud_architect_datatable_proxy.go:100.8,102.3 1 1
terraform-provider-genesyscloud/genesyscloud/architect_datatable/resource_genesyscloud_architect_datatable_proxy.go:104.2,104.38 1 1
terraform-provider-genesyscloud/genesyscloud/architect_datatable/resource_genesyscloud_architect_datatable_proxy.go:107.167,117.52 5 1
terraform-provider-genesyscloud/genesyscloud/architect_datatable/resource_genesyscloud_architect_datatable_proxy.go:117.52,119.3 1 1
terraform-provider-genesyscloud/genesyscloud/architect_datatable/resource_genesyscloud_architect_datatable_proxy.go:121.2,121.62 1 1
terraform-provider-genesyscloud/genesyscloud/architect_datatable/resource_genesyscloud_architect_datatable_proxy.go:121.62,123.3 1 1
terraform-provider-genesyscloud/genesyscloud/architect_datatable/resource_genesyscloud_architect_datatable_proxy.go:125.2,132.16 6 1
terraform-provider-genesyscloud/genesyscloud/architect_datatable/resource_genesyscloud_architect_datatable_proxy.go:132.17,134.3 0 1
terraform-provider-genesyscloud/genesyscloud/architect_datatable/resource_genesyscloud_architect_datatable_proxy.go:134.8,134.34 1 1
terraform-provider-genesyscloud/genesyscloud/architect_datatable/resource_genesyscloud_architect_datatable_proxy.go:134.34,136.3 1 0
terraform-provider-genesyscloud/genesyscloud/architect_datatable/resource_genesyscloud_architect_datatable_proxy.go:136.8,138.3 1 1
terraform-provider-genesyscloud/genesyscloud/architect_datatable/resource_genesyscloud_architect_datatable_proxy.go:139.2,139.38 1 1
terraform-provider-genesyscloud/genesyscloud/architect_datatable/resource_genesyscloud_architect_datatable_proxy.go:142.141,144.2 1 1
terraform-provider-genesyscloud/genesyscloud/architect_datatable/resource_genesyscloud_architect_datatable_proxy.go:146.152,151.19 4 0
terraform-provider-genesyscloud/genesyscloud/architect_datatable/resource_genesyscloud_architect_datatable_proxy.go:151.19,153.3 1 0
terraform-provider-genesyscloud/genesyscloud/architect_datatable/resource_genesyscloud_architect_datatable_proxy.go:155.2,155.58 1 0
terraform-provider-genesyscloud/genesyscloud/architect_datatable/resource_genesyscloud_architect_datatable_proxy.go:155.58,157.3 1 0
terraform-provider-genesyscloud/genesyscloud/architect_datatable/resource_genesyscloud_architect_datatable_proxy.go:159.2,161.60 2 0
terraform-provider-genesyscloud/genesyscloud/architect_datatable/resource_genesyscloud_architect_datatable_proxy.go:161.60,163.20 2 0
terraform-provider-genesyscloud/genesyscloud/architect_datatable/resource_genesyscloud_architect_datatable_proxy.go:163.20,165.4 1 0
terraform-provider-genesyscloud/genesyscloud/architect_datatable/resource_genesyscloud_architect_datatable_proxy.go:167.3,167.59 1 0
terraform-provider-genesyscloud/genesyscloud/architect_datatable/resource_genesyscloud_architect_datatable_proxy.go:167.59,168.9 1 0
terraform-provider-genesyscloud/genesyscloud/architect_datatable/resource_genesyscloud_architect_datatable_proxy.go:171.3,171.59 1 0
terraform-provider-genesyscloud/genesyscloud/architect_datatable/resource_genesyscloud_architect_datatable_proxy.go:174.2,174.33 1 0
terraform-provider-genesyscloud/genesyscloud/architect_datatable/resource_genesyscloud_architect_datatable_schema.go:14.52,18.2 3 0
terraform-provider-genesyscloud/genesyscloud/architect_datatable/resource_genesyscloud_architect_datatable_schema.go:48.52,86.2 1 1
terraform-provider-genesyscloud/genesyscloud/architect_datatable/resource_genesyscloud_architect_datatable_schema.go:88.54,100.2 1 1
terraform-provider-genesyscloud/genesyscloud/architect_datatable/resource_genesyscloud_architect_datatable_schema.go:102.70,109.2 1 0
terraform-provider-genesyscloud/genesyscloud/architect_datatable/resource_genesyscloud_architect_datatables_utils.go:11.94,21.16 4 1
terraform-provider-genesyscloud/genesyscloud/architect_datatable/resource_genesyscloud_architect_datatables_utils.go:21.16,23.3 1 0
terraform-provider-genesyscloud/genesyscloud/architect_datatable/resource_genesyscloud_architect_datatables_utils.go:24.2,30.8 1 1
terraform-provider-genesyscloud/genesyscloud/architect_datatable/resource_genesyscloud_architect_datatables_utils.go:33.108,35.74 2 1
terraform-provider-genesyscloud/genesyscloud/architect_datatable/resource_genesyscloud_architect_datatables_utils.go:35.74,37.39 2 1
terraform-provider-genesyscloud/genesyscloud/architect_datatable/resource_genesyscloud_architect_datatables_utils.go:37.39,53.45 7 1
terraform-provider-genesyscloud/genesyscloud/architect_datatable/resource_genesyscloud_architect_datatables_utils.go:53.45,56.5 2 1
terraform-provider-genesyscloud/genesyscloud/architect_datatable/resource_genesyscloud_architect_datatables_utils.go:59.4,59.49 1 1
terraform-provider-genesyscloud/genesyscloud/architect_datatable/resource_genesyscloud_architect_datatables_utils.go:59.49,62.18 3 1
terraform-provider-genesyscloud/genesyscloud/architect_datatable/resource_genesyscloud_architect_datatables_utils.go:62.18,65.22 2 1
terraform-provider-genesyscloud/genesyscloud/architect_datatable/resource_genesyscloud_architect_datatables_utils.go:66.21,67.47 1 1
terraform-provider-genesyscloud/genesyscloud/architect_datatable/resource_genesyscloud_architect_datatables_utils.go:68.20,69.23 1 0
terraform-provider-genesyscloud/genesyscloud/architect_datatable/resource_genesyscloud_architect_datatables_utils.go:70.21,71.42 1 1
terraform-provider-genesyscloud/genesyscloud/architect_datatable/resource_genesyscloud_architect_datatables_utils.go:72.20,73.52 1 1
terraform-provider-genesyscloud/genesyscloud/architect_datatable/resource_genesyscloud_architect_datatables_utils.go:74.14,75.95 1 0
terraform-provider-genesyscloud/genesyscloud/architect_datatable/resource_genesyscloud_architect_datatables_utils.go:77.6,77.20 1 1
terraform-provider-genesyscloud/genesyscloud/architect_datatable/resource_genesyscloud_architect_datatables_utils.go:77.20,79.7 1 0
terraform-provider-genesyscloud/genesyscloud/architect_datatable/resource_genesyscloud_architect_datatables_utils.go:81.5,81.26 1 1
terraform-provider-genesyscloud/genesyscloud/architect_datatable/resource_genesyscloud_architect_datatables_utils.go:81.26,83.6 1 1
terraform-provider-genesyscloud/genesyscloud/architect_datatable/resource_genesyscloud_architect_datatables_utils.go:85.4,85.32 1 1
terraform-provider-genesyscloud/genesyscloud/architect_datatable/resource_genesyscloud_architect_datatables_utils.go:87.3,87.24 1 1
terraform-provider-genesyscloud/genesyscloud/architect_datatable/resource_genesyscloud_architect_datatables_utils.go:89.2,89.17 1 0
terraform-provider-genesyscloud/genesyscloud/architect_datatable/resource_genesyscloud_architect_datatables_utils.go:92.88,102.31 5 1
terraform-provider-genesyscloud/genesyscloud/architect_datatable/resource_genesyscloud_architect_datatables_utils.go:102.31,103.28 1 1
terraform-provider-genesyscloud/genesyscloud/architect_datatable/resource_genesyscloud_architect_datatables_utils.go:103.28,106.4 1 0
terraform-provider-genesyscloud/genesyscloud/architect_datatable/resource_genesyscloud_architect_datatables_utils.go:107.3,107.40 1 1
terraform-provider-genesyscloud/genesyscloud/architect_datatable/resource_genesyscloud_architect_datatables_utils.go:111.2,111.49 1 1
terraform-provider-genesyscloud/genesyscloud/architect_datatable/resource_genesyscloud_architect_datatables_utils.go:111.49,113.3 1 1
terraform-provider-genesyscloud/genesyscloud/architect_datatable/resource_genesyscloud_architect_datatables_utils.go:115.2,115.34 1 1
terraform-provider-genesyscloud/genesyscloud/architect_datatable/resource_genesyscloud_architect_datatables_utils.go:115.34,119.34 3 1
terraform-provider-genesyscloud/genesyscloud/architect_datatable/resource_genesyscloud_architect_datatables_utils.go:119.34,121.4 1 1
terraform-provider-genesyscloud/genesyscloud/architect_datatable/resource_genesyscloud_architect_datatables_utils.go:122.3,122.32 1 1
terraform-provider-genesyscloud/genesyscloud/architect_datatable/resource_genesyscloud_architect_datatables_utils.go:122.32,124.4 1 1
terraform-provider-genesyscloud/genesyscloud/architect_datatable/resource_genesyscloud_architect_datatables_utils.go:125.3,125.34 1 1
terraform-provider-genesyscloud/genesyscloud/architect_datatable/resource_genesyscloud_architect_datatables_utils.go:125.34,127.4 1 1
terraform-provider-genesyscloud/genesyscloud/architect_datatable/resource_genesyscloud_architect_datatables_utils.go:128.3,128.45 1 1
terraform-provider-genesyscloud/genesyscloud/architect_datatable/resource_genesyscloud_architect_datatables_utils.go:130.2,130.20 1 1
terraform-provider-genesyscloud/genesyscloud/architect_grammar/data_source_genesyscloud_architect_grammar.go:21.117,27.72 4 1
terraform-provider-genesyscloud/genesyscloud/architect_grammar/data_source_genesyscloud_architect_grammar.go:27.72,30.31 2 1
terraform-provider-genesyscloud/genesyscloud/architect_grammar/data_source_genesyscloud_architect_grammar.go:30.31,32.4 1 0
terraform-provider-genesyscloud/genesyscloud/architect_grammar/data_source_genesyscloud_architect_grammar.go:34.3,34.16 1 1
terraform-provider-genesyscloud/genesyscloud/architect_grammar/data_source_genesyscloud_architect_grammar.go:34.16,36.4 1 0
terraform-provider-genesyscloud/genesyscloud/architect_grammar/data_source_genesyscloud_architect_grammar.go:38.3,39.13 2 1
terraform-provider-genesyscloud/genesyscloud/architect_grammar/genesyscloud_architect_grammar_proxy.go:43.100,57.2 3 1
terraform-provider-genesyscloud/genesyscloud/architect_grammar/genesyscloud_architect_grammar_proxy.go:61.100,62.26 1 1
terraform-provider-genesyscloud/genesyscloud/architect_grammar/genesyscloud_architect_grammar_proxy.go:62.26,64.3 1 1
terraform-provider-genesyscloud/genesyscloud/architect_grammar/genesyscloud_architect_grammar_proxy.go:66.2,66.22 1 1
terraform-provider-genesyscloud/genesyscloud/architect_grammar/genesyscloud_architect_grammar_proxy.go:70.178,72.2 1 1
terraform-provider-genesyscloud/genesyscloud/architect_grammar/genesyscloud_architect_grammar_proxy.go:75.145,77.2 1 0
terraform-provider-genesyscloud/genesyscloud/architect_grammar/genesyscloud_architect_grammar_proxy.go:80.162,82.2 1 1
terraform-provider-genesyscloud/genesyscloud/architect_grammar/genesyscloud_architect_grammar_proxy.go:85.148,87.2 1 1
terraform-provider-genesyscloud/genesyscloud/architect_grammar/genesyscloud_architect_grammar_proxy.go:90.196,92.2 1 1
terraform-provider-genesyscloud/genesyscloud/architect_grammar/genesyscloud_architect_grammar_proxy.go:95.134,97.2 1 1
terraform-provider-genesyscloud/genesyscloud/architect_grammar/genesyscloud_architect_grammar_proxy.go:100.177,102.16 2 1
terraform-provider-genesyscloud/genesyscloud/architect_grammar/genesyscloud_architect_grammar_proxy.go:102.16,104.3 1 0
terraform-provider-genesyscloud/genesyscloud/architect_grammar/genesyscloud_architect_grammar_proxy.go:105.2,105.30 1 1
terraform-provider-genesyscloud/genesyscloud/architect_grammar/genesyscloud_architect_grammar_proxy.go:109.144,113.16 3 1
terraform-provider-genesyscloud/genesyscloud/architect_grammar/genesyscloud_architect_grammar_proxy.go:113.16,115.3 1 0
terraform-provider-genesyscloud/genesyscloud/architect_grammar/genesyscloud_architect_grammar_proxy.go:116.2,116.62 1 1
terraform-provider-genesyscloud/genesyscloud/architect_grammar/genesyscloud_architect_grammar_proxy.go:116.62,118.3 1 0
terraform-provider-genesyscloud/genesyscloud/architect_grammar/genesyscloud_architect_grammar_proxy.go:119.2,121.62 2 1
terraform-provider-genesyscloud/genesyscloud/architect_grammar/genesyscloud_architect_grammar_proxy.go:121.62,125.17 3 0
terraform-provider-genesyscloud/genesyscloud/architect_grammar/genesyscloud_architect_grammar_proxy.go:125.17,127.4 1 0
terraform-provider-genesyscloud/genesyscloud/architect_grammar/genesyscloud_architect_grammar_proxy.go:129.3,129.63 1 0
terraform-provider-genesyscloud/genesyscloud/architect_grammar/genesyscloud_architect_grammar_proxy.go:129.63,130.9 1 0
terraform-provider-genesyscloud/genesyscloud/architect_grammar/genesyscloud_architect_grammar_proxy.go:133.3,133.59 1 0
terraform-provider-genesyscloud/genesyscloud/architect_grammar/genesyscloud_architect_grammar_proxy.go:136.2,136.38 1 1
terraform-provider-genesyscloud/genesyscloud/architect_grammar/genesyscloud_architect_grammar_proxy.go:136.38,138.3 1 1
terraform-provider-genesyscloud/genesyscloud/architect_grammar/genesyscloud_architect_grammar_proxy.go:140.2,140.32 1 1
terraform-provider-genesyscloud/genesyscloud/architect_grammar/genesyscloud_architect_grammar_proxy.go:144.161,146.20 2 1
terraform-provider-genesyscloud/genesyscloud/architect_grammar/genesyscloud_architect_grammar_proxy.go:146.20,148.3 1 0
terraform-provider-genesyscloud/genesyscloud/architect_grammar/genesyscloud_architect_grammar_proxy.go:150.2,151.16 2 1
terraform-provider-genesyscloud/genesyscloud/architect_grammar/genesyscloud_architect_grammar_proxy.go:151.16,153.3 1 1
terraform-provider-genesyscloud/genesyscloud/architect_grammar/genesyscloud_architect_grammar_proxy.go:154.2,154.27 1 1
terraform-provider-genesyscloud/genesyscloud/architect_grammar/genesyscloud_architect_grammar_proxy.go:158.149,160.16 2 1
terraform-provider-genesyscloud/genesyscloud/architect_grammar/genesyscloud_architect_grammar_proxy.go:160.16,162.3 1 0
terraform-provider-genesyscloud/genesyscloud/architect_grammar/genesyscloud_architect_grammar_proxy.go:163.2,163.44 1 1
terraform-provider-genesyscloud/genesyscloud/architect_grammar/genesyscloud_architect_grammar_proxy.go:163.44,165.3 1 0
terraform-provider-genesyscloud/genesyscloud/architect_grammar/genesyscloud_architect_grammar_proxy.go:167.2,168.39 2 1
terraform-provider-genesyscloud/genesyscloud/architect_grammar/genesyscloud_architect_grammar_proxy.go:168.39,169.31 1 1
terraform-provider-genesyscloud/genesyscloud/architect_grammar/genesyscloud_architect_grammar_proxy.go:169.31,173.4 3 1
terraform-provider-genesyscloud/genesyscloud/architect_grammar/genesyscloud_architect_grammar_proxy.go:176.2,176.81 1 0
terraform-provider-genesyscloud/genesyscloud/architect_grammar/genesyscloud_architect_grammar_proxy.go:180.195,182.16 2 1
terraform-provider-genesyscloud/genesyscloud/architect_grammar/genesyscloud_architect_grammar_proxy.go:182.16,184.3 1 0
terraform-provider-genesyscloud/genesyscloud/architect_grammar/genesyscloud_architect_grammar_proxy.go:185.2,185.30 1 1
terraform-provider-genesyscloud/genesyscloud/architect_grammar/genesyscloud_architect_grammar_proxy.go:189.133,191.16 2 1
terraform-provider-genesyscloud/genesyscloud/architect_grammar/genesyscloud_architect_grammar_proxy.go:191.16,193.3 1 0
terraform-provider-genesyscloud/genesyscloud/architect_grammar/genesyscloud_architect_grammar_proxy.go:194.2,194.18 1 1
terraform-provider-genesyscloud/genesyscloud/architect_grammar/resource_genesyscloud_architect_grammar.go:25.155,30.16 4 0
terraform-provider-genesyscloud/genesyscloud/architect_grammar/resource_genesyscloud_architect_grammar.go:30.16,32.3 1 0
terraform-provider-genesyscloud/genesyscloud/architect_grammar/resource_genesyscloud_architect_grammar.go:34.2,34.36 1 0
terraform-provider-genesyscloud/genesyscloud/architect_grammar/resource_genesyscloud_architect_grammar.go:34.36,36.3 1 0
terraform-provider-genesyscloud/genesyscloud/architect_grammar/resource_genesyscloud_architect_grammar.go:38.2,38.23 1 0
terraform-provider-genesyscloud/genesyscloud/architect_grammar/resource_genesyscloud_architect_grammar.go:42.109,54.16 6 1
terraform-provider-genesyscloud/genesyscloud/architect_grammar/resource_genesyscloud_architect_grammar.go:54.16,56.3 1 0
terraform-provider-genesyscloud/genesyscloud/architect_grammar/resource_genesyscloud_architect_grammar.go:58.2,60.43 3 1
terraform-provider-genesyscloud/genesyscloud/architect_grammar/resource_genesyscloud_architect_grammar.go:64.107,70.66 4 1
terraform-provider-genesyscloud/genesyscloud/architect_grammar/resource_genesyscloud_architect_grammar.go:70.66,73.20 2 1
terraform-provider-genesyscloud/genesyscloud/architect_grammar/resource_genesyscloud_architect_grammar.go:73.20,75.30 2 0
terraform-provider-genesyscloud/genesyscloud/architect_grammar/resource_genesyscloud_architect_grammar.go:75.30,77.5 1 0
terraform-provider-genesyscloud/genesyscloud/architect_grammar/resource_genesyscloud_architect_grammar.go:78.4,78.64 1 0
terraform-provider-genesyscloud/genesyscloud/architect_grammar/resource_genesyscloud_architect_grammar.go:81.3,87.25 5 1
terraform-provider-genesyscloud/genesyscloud/architect_grammar/resource_genesyscloud_architect_grammar.go:92.109,104.16 6 1
terraform-provider-genesyscloud/genesyscloud/architect_grammar/resource_genesyscloud_architect_grammar.go:104.16,106.3 1 0
terraform-provider-genesyscloud/genesyscloud/architect_grammar/resource_genesyscloud_architect_grammar.go:108.2,109.43 2 1
terraform-provider-genesyscloud/genesyscloud/architect_grammar/resource_genesyscloud_architect_grammar.go:113.109,118.16 4 1
terraform-provider-genesyscloud/genesyscloud/architect_grammar/resource_genesyscloud_architect_grammar.go:118.16,120.3 1 0
terraform-provider-genesyscloud/genesyscloud/architect_grammar/resource_genesyscloud_architect_grammar.go:122.2,122.73 1 1
terraform-provider-genesyscloud/genesyscloud/architect_grammar/resource_genesyscloud_architect_grammar.go:122.73,125.17 2 1
terraform-provider-genesyscloud/genesyscloud/architect_grammar/resource_genesyscloud_architect_grammar.go:125.17,126.30 1 1
terraform-provider-genesyscloud/genesyscloud/architect_grammar/resource_genesyscloud_architect_grammar.go:126.30,129.5 2 1
terraform-provider-genesyscloud/genesyscloud/architect_grammar/resource_genesyscloud_architect_grammar.go:130.4,131.64 2 0
terraform-provider-genesyscloud/genesyscloud/architect_grammar/resource_genesyscloud_architect_grammar.go:134.3,134.77 1 0
terraform-provider-genesyscloud/genesyscloud/architect_grammar/resource_genesyscloud_architect_grammar.go:142.10,149.2 1 1
terraform-provider-genesyscloud/genesyscloud/architect_grammar/resource_genesyscloud_architect_grammar_schema.go:21.52,25.2 3 0
terraform-provider-genesyscloud/genesyscloud/architect_grammar/resource_genesyscloud_architect_grammar_schema.go:28.50,53.2 1 1
terraform-provider-genesyscloud/genesyscloud/architect_grammar/resource_genesyscloud_architect_grammar_schema.go:56.68,60.2 1 0
terraform-provider-genesyscloud/genesyscloud/architect_grammar/resource_genesyscloud_architect_grammar_schema.go:63.52,78.2 1 1
terraform-provider-genesyscloud/genesyscloud/architect_datatable_row/genesyscloud_architect_datatable_row_utils.go:17.65,19.2 1 1
terraform-provider-genesyscloud/genesyscloud/architect_datatable_row/genesyscloud_architect_datatable_row_utils.go:21.57,23.21 2 1
terraform-provider-genesyscloud/genesyscloud/architect_datatable_row/genesyscloud_architect_datatable_row_utils.go:23.21,25.3 1 1
terraform-provider-genesyscloud/genesyscloud/architect_datatable_row/genesyscloud_architect_datatable_row_utils.go:26.2,26.15 1 0
terraform-provider-genesyscloud/genesyscloud/architect_datatable_row/genesyscloud_architect_datatable_row_utils.go:29.110,32.26 2 1
terraform-provider-genesyscloud/genesyscloud/architect_datatable_row/genesyscloud_architect_datatable_row_utils.go:32.26,33.74 1 1
terraform-provider-genesyscloud/genesyscloud/architect_datatable_row/genesyscloud_architect_datatable_row_utils.go:33.74,35.4 1 0
terraform-provider-genesyscloud/genesyscloud/architect_datatable_row/genesyscloud_architect_datatable_row_utils.go:38.2,39.21 2 1
terraform-provider-genesyscloud/genesyscloud/architect_datatable_row/genesyscloud_architect_datatable_row_utils.go:42.104,45.44 1 1
terraform-provider-genesyscloud/genesyscloud/architect_datatable_row/genesyscloud_architect_datatable_row_utils.go:45.44,48.3 1 0
terraform-provider-genesyscloud/genesyscloud/architect_datatable_row/genesyscloud_architect_datatable_row_utils.go:50.2,50.41 1 1
terraform-provider-genesyscloud/genesyscloud/architect_datatable_row/genesyscloud_architect_datatable_row_utils.go:50.41,55.3 2 1
terraform-provider-genesyscloud/genesyscloud/architect_datatable_row/genesyscloud_architect_datatable_row_utils.go:57.2,67.19 7 1
terraform-provider-genesyscloud/genesyscloud/architect_datatable_row/genesyscloud_architect_datatable_row_utils.go:67.19,69.3 1 0
terraform-provider-genesyscloud/genesyscloud/architect_datatable_row/genesyscloud_architect_datatable_row_utils.go:72.2,73.26 2 1
terraform-provider-genesyscloud/genesyscloud/architect_datatable_row/genesyscloud_architect_datatable_row_utils.go:73.26,75.3 1 0
terraform-provider-genesyscloud/genesyscloud/architect_datatable_row/genesyscloud_architect_datatable_row_utils.go:76.2,76.75 1 1
terraform-provider-genesyscloud/genesyscloud/architect_datatable_row/genesyscloud_architect_datatable_row_utils.go:76.75,78.3 1 0
terraform-provider-genesyscloud/genesyscloud/architect_datatable_row/genesyscloud_architect_datatable_row_utils.go:81.2,81.67 1 1
terraform-provider-genesyscloud/genesyscloud/architect_datatable_row/genesyscloud_architect_datatable_row_utils.go:81.67,82.56 1 1
terraform-provider-genesyscloud/genesyscloud/architect_datatable_row/genesyscloud_architect_datatable_row_utils.go:82.56,83.21 1 1
terraform-provider-genesyscloud/genesyscloud/architect_datatable_row/genesyscloud_architect_datatable_row_utils.go:83.21,85.13 1 1
terraform-provider-genesyscloud/genesyscloud/architect_datatable_row/genesyscloud_architect_datatable_row_utils.go:87.4,87.39 1 1
terraform-provider-genesyscloud/genesyscloud/architect_datatable_row/genesyscloud_architect_datatable_row_utils.go:87.39,89.28 1 1
terraform-provider-genesyscloud/genesyscloud/architect_datatable_row/genesyscloud_architect_datatable_row_utils.go:89.28,91.6 1 1
terraform-provider-genesyscloud/genesyscloud/architect_datatable_row/genesyscloud_architect_datatable_row_utils.go:91.11,91.42 1 1
terraform-provider-genesyscloud/genesyscloud/architect_datatable_row/genesyscloud_architect_datatable_row_utils.go:91.42,94.6 1 0
terraform-provider-genesyscloud/genesyscloud/architect_datatable_row/genesyscloud_architect_datatable_row_utils.go:94.11,94.41 1 1
terraform-provider-genesyscloud/genesyscloud/architect_datatable_row/genesyscloud_architect_datatable_row_utils.go:94.41,97.6 1 0
terraform-provider-genesyscloud/genesyscloud/architect_datatable_row/genesyscloud_architect_datatable_row_utils.go:97.11,97.71 1 1
terraform-provider-genesyscloud/genesyscloud/architect_datatable_row/genesyscloud_architect_datatable_row_utils.go:97.71,100.6 1 1
terraform-provider-genesyscloud/genesyscloud/architect_datatable_row/genesyscloud_architect_datatable_row_utils.go:106.2,107.16 2 1
terraform-provider-genesyscloud/genesyscloud/architect_datatable_row/genesyscloud_architect_datatable_row_utils.go:107.16,109.3 1 0
terraform-provider-genesyscloud/genesyscloud/architect_datatable_row/genesyscloud_architect_datatable_row_utils.go:111.2,112.12 2 1
terraform-provider-genesyscloud/genesyscloud/architect_datatable_row/genesyscloud_architect_datatable_row_utils.go:119.131,121.55 2 1
terraform-provider-genesyscloud/genesyscloud/architect_datatable_row/genesyscloud_architect_datatable_row_utils.go:121.55,123.3 1 1
terraform-provider-genesyscloud/genesyscloud/architect_datatable_row/genesyscloud_architect_datatable_row_utils.go:125.2,126.19 2 1
terraform-provider-genesyscloud/genesyscloud/architect_datatable_row/genesyscloud_architect_datatable_row_utils.go:126.19,128.3 1 0
terraform-provider-genesyscloud/genesyscloud/architect_datatable_row/genesyscloud_architect_datatable_row_utils.go:129.2,130.23 2 1
terraform-provider-genesyscloud/genesyscloud/architect_datatable_row/resource_genesyscloud_architect_datatable_row.go:48.157,53.16 4 0
terraform-provider-genesyscloud/genesyscloud/architect_datatable_row/resource_genesyscloud_architect_datatable_row.go:53.16,55.3 1 0
terraform-provider-genesyscloud/genesyscloud/architect_datatable_row/resource_genesyscloud_architect_datatable_row.go:57.2,57.36 1 0
terraform-provider-genesyscloud/genesyscloud/architect_datatable_row/resource_genesyscloud_architect_datatable_row.go:57.36,60.17 2 0
terraform-provider-genesyscloud/genesyscloud/architect_datatable_row/resource_genesyscloud_architect_datatable_row.go:60.17,62.4 1 0
terraform-provider-genesyscloud/genesyscloud/architect_datatable_row/resource_genesyscloud_architect_datatable_row.go:64.3,64.29 1 0
terraform-provider-genesyscloud/genesyscloud/architect_datatable_row/resource_genesyscloud_architect_datatable_row.go:64.29,65.36 1 0
terraform-provider-genesyscloud/genesyscloud/architect_datatable_row/resource_genesyscloud_architect_datatable_row.go:65.36,68.5 2 0
terraform-provider-genesyscloud/genesyscloud/architect_datatable_row/resource_genesyscloud_architect_datatable_row.go:72.2,72.23 1 0
terraform-provider-genesyscloud/genesyscloud/architect_datatable_row/resource_genesyscloud_architect_datatable_row.go:75.114,84.20 7 1
terraform-provider-genesyscloud/genesyscloud/architect_datatable_row/resource_genesyscloud_architect_datatable_row.go:84.20,86.3 1 0
terraform-provider-genesyscloud/genesyscloud/architect_datatable_row/resource_genesyscloud_architect_datatable_row.go:88.2,92.16 4 1
terraform-provider-genesyscloud/genesyscloud/architect_datatable_row/resource_genesyscloud_architect_datatable_row.go:92.16,94.3 1 0
terraform-provider-genesyscloud/genesyscloud/architect_datatable_row/resource_genesyscloud_architect_datatable_row.go:96.2,99.48 3 1
terraform-provider-genesyscloud/genesyscloud/architect_datatable_row/resource_genesyscloud_architect_datatable_row.go:102.112,104.18 2 1
terraform-provider-genesyscloud/genesyscloud/architect_datatable_row/resource_genesyscloud_architect_datatable_row.go:104.18,106.3 1 0
terraform-provider-genesyscloud/genesyscloud/architect_datatable_row/resource_genesyscloud_architect_datatable_row.go:108.2,113.66 4 1
terraform-provider-genesyscloud/genesyscloud/architect_datatable_row/resource_genesyscloud_architect_datatable_row.go:113.66,115.20 2 1
terraform-provider-genesyscloud/genesyscloud/architect_datatable_row/resource_genesyscloud_architect_datatable_row.go:115.20,116.30 1 0
terraform-provider-genesyscloud/genesyscloud/architect_datatable_row/resource_genesyscloud_architect_datatable_row.go:116.30,118.5 1 0
terraform-provider-genesyscloud/genesyscloud/architect_datatable_row/resource_genesyscloud_architect_datatable_row.go:119.4,119.101 1 0
terraform-provider-genesyscloud/genesyscloud/architect_datatable_row/resource_genesyscloud_architect_datatable_row.go:122.3,130.17 6 1
terraform-provider-genesyscloud/genesyscloud/architect_datatable_row/resource_genesyscloud_architect_datatable_row.go:130.17,132.4 1 0
terraform-provider-genesyscloud/genesyscloud/architect_datatable_row/resource_genesyscloud_architect_datatable_row.go:133.3,136.25 3 1
terraform-provider-genesyscloud/genesyscloud/architect_datatable_row/resource_genesyscloud_architect_datatable_row.go:140.114,149.20 7 1
terraform-provider-genesyscloud/genesyscloud/architect_datatable_row/resource_genesyscloud_architect_datatable_row.go:149.20,151.3 1 0
terraform-provider-genesyscloud/genesyscloud/architect_datatable_row/resource_genesyscloud_architect_datatable_row.go:153.2,156.16 3 1
terraform-provider-genesyscloud/genesyscloud/architect_datatable_row/resource_genesyscloud_architect_datatable_row.go:156.16,158.3 1 0
terraform-provider-genesyscloud/genesyscloud/architect_datatable_row/resource_genesyscloud_architect_datatable_row.go:160.2,161.48 2 1
terraform-provider-genesyscloud/genesyscloud/architect_datatable_row/resource_genesyscloud_architect_datatable_row.go:164.114,166.18 2 1
terraform-provider-genesyscloud/genesyscloud/architect_datatable_row/resource_genesyscloud_architect_datatable_row.go:166.18,168.3 1 0
terraform-provider-genesyscloud/genesyscloud/architect_datatable_row/resource_genesyscloud_architect_datatable_row.go:170.2,175.16 5 1
terraform-provider-genesyscloud/genesyscloud/architect_datatable_row/resource_genesyscloud_architect_datatable_row.go:175.16,176.29 1 0
terraform-provider-genesyscloud/genesyscloud/architect_datatable_row/resource_genesyscloud_architect_datatable_row.go:176.29,180.4 2 0
terraform-provider-genesyscloud/genesyscloud/architect_datatable_row/resource_genesyscloud_architect_datatable_row.go:181.3,181.75 1 0
terraform-provider-genesyscloud/genesyscloud/architect_datatable_row/resource_genesyscloud_architect_datatable_row.go:184.2,184.72 1 1
terraform-provider-genesyscloud/genesyscloud/architect_datatable_row/resource_genesyscloud_architect_datatable_row.go:184.72,186.17 2 1
terraform-provider-genesyscloud/genesyscloud/architect_datatable_row/resource_genesyscloud_architect_datatable_row.go:186.17,187.30 1 1
terraform-provider-genesyscloud/genesyscloud/architect_datatable_row/resource_genesyscloud_architect_datatable_row.go:187.30,191.5 2 1
terraform-provider-genesyscloud/genesyscloud/architect_datatable_row/resource_genesyscloud_architect_datatable_row.go:192.4,192.108 1 0
terraform-provider-genesyscloud/genesyscloud/architect_datatable_row/resource_genesyscloud_architect_datatable_row.go:194.3,194.83 1 0
terraform-provider-genesyscloud/genesyscloud/architect_datatable_row/resource_genesyscloud_architect_datatable_row_proxy.go:40.110,57.2 4 1
terraform-provider-genesyscloud/genesyscloud/architect_datatable_row/resource_genesyscloud_architect_datatable_row_proxy.go:59.110,60.26 1 1
terraform-provider-genesyscloud/genesyscloud/architect_datatable_row/resource_genesyscloud_architect_datatable_row_proxy.go:60.26,62.3 1 1
terraform-provider-genesyscloud/genesyscloud/architect_datatable_row/resource_genesyscloud_architect_datatable_row_proxy.go:63.2,63.22 1 1
terraform-provider-genesyscloud/genesyscloud/architect_datatable_row/resource_genesyscloud_architect_datatable_row_proxy.go:66.160,68.2 1 1
terraform-provider-genesyscloud/genesyscloud/architect_datatable_row/resource_genesyscloud_architect_datatable_row_proxy.go:70.154,72.2 1 0
terraform-provider-genesyscloud/genesyscloud/architect_datatable_row/resource_genesyscloud_architect_datatable_row_proxy.go:74.170,76.2 1 0
terraform-provider-genesyscloud/genesyscloud/architect_datatable_row/resource_genesyscloud_architect_datatable_row_proxy.go:78.176,80.2 1 1
terraform-provider-genesyscloud/genesyscloud/architect_datatable_row/resource_genesyscloud_architect_datatable_row_proxy.go:82.196,84.2 1 1
terraform-provider-genesyscloud/genesyscloud/architect_datatable_row/resource_genesyscloud_architect_datatable_row_proxy.go:86.208,88.2 1 1
terraform-provider-genesyscloud/genesyscloud/architect_datatable_row/resource_genesyscloud_architect_datatable_row_proxy.go:90.156,92.2 1 1
terraform-provider-genesyscloud/genesyscloud/architect_datatable_row/resource_genesyscloud_architect_datatable_row_proxy.go:94.153,99.19 4 0
terraform-provider-genesyscloud/genesyscloud/architect_datatable_row/resource_genesyscloud_architect_datatable_row_proxy.go:99.19,101.3 1 0
terraform-provider-genesyscloud/genesyscloud/architect_datatable_row/resource_genesyscloud_architect_datatable_row_proxy.go:103.2,103.58 1 0
terraform-provider-genesyscloud/genesyscloud/architect_datatable_row/resource_genesyscloud_architect_datatable_row_proxy.go:103.58,105.3 1 0
terraform-provider-genesyscloud/genesyscloud/architect_datatable_row/resource_genesyscloud_architect_datatable_row_proxy.go:107.2,107.41 1 0
terraform-provider-genesyscloud/genesyscloud/architect_datatable_row/resource_genesyscloud_architect_datatable_row_proxy.go:107.41,110.3 2 0
terraform-provider-genesyscloud/genesyscloud/architect_datatable_row/resource_genesyscloud_architect_datatable_row_proxy.go:112.2,112.60 1 0
terraform-provider-genesyscloud/genesyscloud/architect_datatable_row/resource_genesyscloud_architect_datatable_row_proxy.go:112.60,114.20 2 0
terraform-provider-genesyscloud/genesyscloud/architect_datatable_row/resource_genesyscloud_architect_datatable_row_proxy.go:114.20,116.4 1 0
terraform-provider-genesyscloud/genesyscloud/architect_datatable_row/resource_genesyscloud_architect_datatable_row_proxy.go:118.3,118.59 1 0
terraform-provider-genesyscloud/genesyscloud/architect_datatable_row/resource_genesyscloud_architect_datatable_row_proxy.go:118.59,119.9 1 0
terraform-provider-genesyscloud/genesyscloud/architect_datatable_row/resource_genesyscloud_architect_datatable_row_proxy.go:122.3,122.42 1 0
terraform-provider-genesyscloud/genesyscloud/architect_datatable_row/resource_genesyscloud_architect_datatable_row_proxy.go:122.42,125.4 2 0
terraform-provider-genesyscloud/genesyscloud/architect_datatable_row/resource_genesyscloud_architect_datatable_row_proxy.go:127.2,127.40 1 0
terraform-provider-genesyscloud/genesyscloud/architect_datatable_row/resource_genesyscloud_architect_datatable_row_proxy.go:130.69,133.16 3 0
terraform-provider-genesyscloud/genesyscloud/architect_datatable_row/resource_genesyscloud_architect_datatable_row_proxy.go:133.16,136.3 2 0
terraform-provider-genesyscloud/genesyscloud/architect_datatable_row/resource_genesyscloud_architect_datatable_row_proxy.go:137.2,137.19 1 0
terraform-provider-genesyscloud/genesyscloud/architect_datatable_row/resource_genesyscloud_architect_datatable_row_proxy.go:140.168,143.15 2 1
terraform-provider-genesyscloud/genesyscloud/architect_datatable_row/resource_genesyscloud_architect_datatable_row_proxy.go:143.15,145.3 1 0
terraform-provider-genesyscloud/genesyscloud/architect_datatable_row/resource_genesyscloud_architect_datatable_row_proxy.go:147.2,156.52 5 1
terraform-provider-genesyscloud/genesyscloud/architect_datatable_row/resource_genesyscloud_architect_datatable_row_proxy.go:156.52,158.3 1 1
terraform-provider-genesyscloud/genesyscloud/architect_datatable_row/resource_genesyscloud_architect_datatable_row_proxy.go:160.2,160.62 1 1
terraform-provider-genesyscloud/genesyscloud/architect_datatable_row/resource_genesyscloud_architect_datatable_row_proxy.go:160.62,162.3 1 1
terraform-provider-genesyscloud/genesyscloud/architect_datatable_row/resource_genesyscloud_architect_datatable_row_proxy.go:164.2,171.16 6 1
terraform-provider-genesyscloud/genesyscloud/architect_datatable_row/resource_genesyscloud_architect_datatable_row_proxy.go:171.17,173.3 0 0
terraform-provider-genesyscloud/genesyscloud/architect_datatable_row/resource_genesyscloud_architect_datatable_row_proxy.go:173.8,173.34 1 1
terraform-provider-genesyscloud/genesyscloud/architect_datatable_row/resource_genesyscloud_architect_datatable_row_proxy.go:173.34,175.3 1 0
terraform-provider-genesyscloud/genesyscloud/architect_datatable_row/resource_genesyscloud_architect_datatable_row_proxy.go:175.8,177.3 1 1
terraform-provider-genesyscloud/genesyscloud/architect_datatable_row/resource_genesyscloud_architect_datatable_row_proxy.go:178.2,178.38 1 1
terraform-provider-genesyscloud/genesyscloud/architect_datatable_row/resource_genesyscloud_architect_datatable_row_proxy.go:181.169,186.19 4 0
terraform-provider-genesyscloud/genesyscloud/architect_datatable_row/resource_genesyscloud_architect_datatable_row_proxy.go:186.19,188.3 1 0
terraform-provider-genesyscloud/genesyscloud/architect_datatable_row/resource_genesyscloud_architect_datatable_row_proxy.go:190.2,190.54 1 0
terraform-provider-genesyscloud/genesyscloud/architect_datatable_row/resource_genesyscloud_architect_datatable_row_proxy.go:190.54,192.3 1 0
terraform-provider-genesyscloud/genesyscloud/architect_datatable_row/resource_genesyscloud_architect_datatable_row_proxy.go:194.2,194.37 1 0
terraform-provider-genesyscloud/genesyscloud/architect_datatable_row/resource_genesyscloud_architect_datatable_row_proxy.go:194.37,196.35 2 0
terraform-provider-genesyscloud/genesyscloud/architect_datatable_row/resource_genesyscloud_architect_datatable_row_proxy.go:196.35,198.4 1 0
terraform-provider-genesyscloud/genesyscloud/architect_datatable_row/resource_genesyscloud_architect_datatable_row_proxy.go:201.2,201.58 1 0
terraform-provider-genesyscloud/genesyscloud/architect_datatable_row/resource_genesyscloud_architect_datatable_row_proxy.go:201.58,204.20 2 0
terraform-provider-genesyscloud/genesyscloud/architect_datatable_row/resource_genesyscloud_architect_datatable_row_proxy.go:204.20,206.4 1 0
terraform-provider-genesyscloud/genesyscloud/architect_datatable_row/resource_genesyscloud_architect_datatable_row_proxy.go:208.3,208.55 1 0
terraform-provider-genesyscloud/genesyscloud/architect_datatable_row/resource_genesyscloud_architect_datatable_row_proxy.go:208.55,209.9 1 0
terraform-provider-genesyscloud/genesyscloud/architect_datatable_row/resource_genesyscloud_architect_datatable_row_proxy.go:212.3,212.38 1 0
terraform-provider-genesyscloud/genesyscloud/architect_datatable_row/resource_genesyscloud_architect_datatable_row_proxy.go:212.38,214.36 2 0
terraform-provider-genesyscloud/genesyscloud/architect_datatable_row/resource_genesyscloud_architect_datatable_row_proxy.go:214.36,216.5 1 0
terraform-provider-genesyscloud/genesyscloud/architect_datatable_row/resource_genesyscloud_architect_datatable_row_proxy.go:219.2,219.37 1 0
terraform-provider-genesyscloud/genesyscloud/architect_datatable_row/resource_genesyscloud_architect_datatable_row_proxy.go:222.175,224.15 2 1
terraform-provider-genesyscloud/genesyscloud/architect_datatable_row/resource_genesyscloud_architect_datatable_row_proxy.go:224.15,226.3 1 0
terraform-provider-genesyscloud/genesyscloud/architect_datatable_row/resource_genesyscloud_architect_datatable_row_proxy.go:227.2,227.65 1 1
terraform-provider-genesyscloud/genesyscloud/architect_datatable_row/resource_genesyscloud_architect_datatable_row_proxy.go:230.195,232.2 1 1
terraform-provider-genesyscloud/genesyscloud/architect_datatable_row/resource_genesyscloud_architect_datatable_row_proxy.go:234.207,236.2 1 1
terraform-provider-genesyscloud/genesyscloud/architect_datatable_row/resource_genesyscloud_architect_datatable_row_proxy.go:238.155,240.2 1 1
terraform-provider-genesyscloud/genesyscloud/architect_datatable_row/resource_genesyscloud_architect_datatable_row_schema.go:14.52,18.2 2 0
terraform-provider-genesyscloud/genesyscloud/architect_datatable_row/resource_genesyscloud_architect_datatable_row_schema.go:20.73,28.2 1 0
terraform-provider-genesyscloud/genesyscloud/architect_datatable_row/resource_genesyscloud_architect_datatable_row_schema.go:30.55,65.2 1 1
terraform-provider-genesyscloud/genesyscloud/architect_schedulegroups/data_source_genesyscloud_architect_schedulegroups.go:21.124,27.72 4 1
terraform-provider-genesyscloud/genesyscloud/architect_schedulegroups/data_source_genesyscloud_architect_schedulegroups.go:27.72,30.31 2 1
terraform-provider-genesyscloud/genesyscloud/architect_schedulegroups/data_source_genesyscloud_architect_schedulegroups.go:30.31,32.4 1 0
terraform-provider-genesyscloud/genesyscloud/architect_schedulegroups/data_source_genesyscloud_architect_schedulegroups.go:34.3,34.16 1 1
terraform-provider-genesyscloud/genesyscloud/architect_schedulegroups/data_source_genesyscloud_architect_schedulegroups.go:34.16,36.4 1 1
terraform-provider-genesyscloud/genesyscloud/architect_schedulegroups/data_source_genesyscloud_architect_schedulegroups.go:38.3,39.13 2 1
terraform-provider-genesyscloud/genesyscloud/architect_schedulegroups/genesyscloud_architect_schedulegroups_proxy.go:40.114,52.2 2 1
terraform-provider-genesyscloud/genesyscloud/architect_schedulegroups/genesyscloud_architect_schedulegroups_proxy.go:56.114,57.26 1 1
terraform-provider-genesyscloud/genesyscloud/architect_schedulegroups/genesyscloud_architect_schedulegroups_proxy.go:57.26,59.3 1 1
terraform-provider-genesyscloud/genesyscloud/architect_schedulegroups/genesyscloud_architect_schedulegroups_proxy.go:60.2,60.22 1 1
terraform-provider-genesyscloud/genesyscloud/architect_schedulegroups/genesyscloud_architect_schedulegroups_proxy.go:64.220,66.2 1 1
terraform-provider-genesyscloud/genesyscloud/architect_schedulegroups/genesyscloud_architect_schedulegroups_proxy.go:69.165,71.2 1 0
terraform-provider-genesyscloud/genesyscloud/architect_schedulegroups/genesyscloud_architect_schedulegroups_proxy.go:74.188,76.2 1 1
terraform-provider-genesyscloud/genesyscloud/architect_schedulegroups/genesyscloud_architect_schedulegroups_proxy.go:79.212,81.2 1 1
terraform-provider-genesyscloud/genesyscloud/architect_schedulegroups/genesyscloud_architect_schedulegroups_proxy.go:84.231,86.2 1 1
terraform-provider-genesyscloud/genesyscloud/architect_schedulegroups/genesyscloud_architect_schedulegroups_proxy.go:89.141,91.2 1 1
terraform-provider-genesyscloud/genesyscloud/architect_schedulegroups/genesyscloud_architect_schedulegroups_proxy.go:94.221,96.16 2 1
terraform-provider-genesyscloud/genesyscloud/architect_schedulegroups/genesyscloud_architect_schedulegroups_proxy.go:96.16,98.3 1 0
terraform-provider-genesyscloud/genesyscloud/architect_schedulegroups/genesyscloud_architect_schedulegroups_proxy.go:99.2,99.40 1 1
terraform-provider-genesyscloud/genesyscloud/architect_schedulegroups/genesyscloud_architect_schedulegroups_proxy.go:103.166,108.16 4 1
terraform-provider-genesyscloud/genesyscloud/architect_schedulegroups/genesyscloud_architect_schedulegroups_proxy.go:108.16,110.3 1 0
terraform-provider-genesyscloud/genesyscloud/architect_schedulegroups/genesyscloud_architect_schedulegroups_proxy.go:111.2,111.74 1 1
terraform-provider-genesyscloud/genesyscloud/architect_schedulegroups/genesyscloud_architect_schedulegroups_proxy.go:111.74,113.3 1 0
terraform-provider-genesyscloud/genesyscloud/architect_schedulegroups/genesyscloud_architect_schedulegroups_proxy.go:114.2,114.57 1 1
terraform-provider-genesyscloud/genesyscloud/architect_schedulegroups/genesyscloud_architect_schedulegroups_proxy.go:114.57,116.3 1 1
terraform-provider-genesyscloud/genesyscloud/architect_schedulegroups/genesyscloud_architect_schedulegroups_proxy.go:118.2,118.68 1 1
terraform-provider-genesyscloud/genesyscloud/architect_schedulegroups/genesyscloud_architect_schedulegroups_proxy.go:118.68,120.17 2 0
terraform-provider-genesyscloud/genesyscloud/architect_schedulegroups/genesyscloud_architect_schedulegroups_proxy.go:120.17,122.4 1 0
terraform-provider-genesyscloud/genesyscloud/architect_schedulegroups/genesyscloud_architect_schedulegroups_proxy.go:124.3,124.75 1 0
terraform-provider-genesyscloud/genesyscloud/architect_schedulegroups/genesyscloud_architect_schedulegroups_proxy.go:124.75,125.9 1 0
terraform-provider-genesyscloud/genesyscloud/architect_schedulegroups/genesyscloud_architect_schedulegroups_proxy.go:128.3,128.58 1 0
terraform-provider-genesyscloud/genesyscloud/architect_schedulegroups/genesyscloud_architect_schedulegroups_proxy.go:128.58,130.4 1 0
terraform-provider-genesyscloud/genesyscloud/architect_schedulegroups/genesyscloud_architect_schedulegroups_proxy.go:132.2,132.45 1 1
terraform-provider-genesyscloud/genesyscloud/architect_schedulegroups/genesyscloud_architect_schedulegroups_proxy.go:136.189,138.16 2 1
terraform-provider-genesyscloud/genesyscloud/architect_schedulegroups/genesyscloud_architect_schedulegroups_proxy.go:138.16,140.3 1 0
terraform-provider-genesyscloud/genesyscloud/architect_schedulegroups/genesyscloud_architect_schedulegroups_proxy.go:142.2,142.56 1 1
terraform-provider-genesyscloud/genesyscloud/architect_schedulegroups/genesyscloud_architect_schedulegroups_proxy.go:142.56,144.3 1 0
terraform-provider-genesyscloud/genesyscloud/architect_schedulegroups/genesyscloud_architect_schedulegroups_proxy.go:146.2,146.48 1 1
terraform-provider-genesyscloud/genesyscloud/architect_schedulegroups/genesyscloud_architect_schedulegroups_proxy.go:146.48,147.34 1 1
terraform-provider-genesyscloud/genesyscloud/architect_schedulegroups/genesyscloud_architect_schedulegroups_proxy.go:147.34,150.4 2 1
terraform-provider-genesyscloud/genesyscloud/architect_schedulegroups/genesyscloud_architect_schedulegroups_proxy.go:152.2,152.104 1 1
terraform-provider-genesyscloud/genesyscloud/architect_schedulegroups/genesyscloud_architect_schedulegroups_proxy.go:156.213,158.16 2 1
terraform-provider-genesyscloud/genesyscloud/architect_schedulegroups/genesyscloud_architect_schedulegroups_proxy.go:158.16,160.3 1 1
terraform-provider-genesyscloud/genesyscloud/architect_schedulegroups/genesyscloud_architect_schedulegroups_proxy.go:161.2,161.40 1 1
terraform-provider-genesyscloud/genesyscloud/architect_schedulegroups/genesyscloud_architect_schedulegroups_proxy.go:165.232,167.16 2 1
terraform-provider-genesyscloud/genesyscloud/architect_schedulegroups/genesyscloud_architect_schedulegroups_proxy.go:167.16,169.3 1 0
terraform-provider-genesyscloud/genesyscloud/architect_schedulegroups/genesyscloud_architect_schedulegroups_proxy.go:170.2,172.16 3 1
terraform-provider-genesyscloud/genesyscloud/architect_schedulegroups/genesyscloud_architect_schedulegroups_proxy.go:172.16,174.3 1 0
terraform-provider-genesyscloud/genesyscloud/architect_schedulegroups/genesyscloud_architect_schedulegroups_proxy.go:175.2,175.40 1 1
terraform-provider-genesyscloud/genesyscloud/architect_schedulegroups/genesyscloud_architect_schedulegroups_proxy.go:179.142,181.16 2 1
terraform-provider-genesyscloud/genesyscloud/architect_schedulegroups/genesyscloud_architect_schedulegroups_proxy.go:181.16,183.3 1 0
terraform-provider-genesyscloud/genesyscloud/architect_schedulegroups/genesyscloud_architect_schedulegroups_proxy.go:184.2,184.18 1 1
terraform-provider-genesyscloud/genesyscloud/architect_schedulegroups/resource_genesyscloud_architect_schedulegroups.go:25.162,30.16 4 0
terraform-provider-genesyscloud/genesyscloud/architect_schedulegroups/resource_genesyscloud_architect_schedulegroups.go:30.16,32.3 1 0
terraform-provider-genesyscloud/genesyscloud/architect_schedulegroups/resource_genesyscloud_architect_schedulegroups.go:34.2,34.48 1 0
terraform-provider-genesyscloud/genesyscloud/architect_schedulegroups/resource_genesyscloud_architect_schedulegroups.go:34.48,36.3 1 0
terraform-provider-genesyscloud/genesyscloud/architect_schedulegroups/resource_genesyscloud_architect_schedulegroups.go:38.2,38.23 1 0
terraform-provider-genesyscloud/genesyscloud/architect_schedulegroups/resource_genesyscloud_architect_schedulegroups.go:42.116,50.16 6 1
terraform-provider-genesyscloud/genesyscloud/architect_schedulegroups/resource_genesyscloud_architect_schedulegroups.go:50.16,52.71 2 0
terraform-provider-genesyscloud/genesyscloud/architect_schedulegroups/resource_genesyscloud_architect_schedulegroups.go:52.71,54.4 1 0
terraform-provider-genesyscloud/genesyscloud/architect_schedulegroups/resource_genesyscloud_architect_schedulegroups.go:55.3,55.119 1 0
terraform-provider-genesyscloud/genesyscloud/architect_schedulegroups/resource_genesyscloud_architect_schedulegroups.go:58.2,61.50 3 1
terraform-provider-genesyscloud/genesyscloud/architect_schedulegroups/resource_genesyscloud_architect_schedulegroups.go:65.114,71.66 4 1
terraform-provider-genesyscloud/genesyscloud/architect_schedulegroups/resource_genesyscloud_architect_schedulegroups.go:71.66,73.20 2 1
terraform-provider-genesyscloud/genesyscloud/architect_schedulegroups/resource_genesyscloud_architect_schedulegroups.go:73.20,74.39 1 0
terraform-provider-genesyscloud/genesyscloud/architect_schedulegroups/resource_genesyscloud_architect_schedulegroups.go:74.39,76.5 1 0
terraform-provider-genesyscloud/genesyscloud/architect_schedulegroups/resource_genesyscloud_architect_schedulegroups.go:77.4,77.102 1 0
terraform-provider-genesyscloud/genesyscloud/architect_schedulegroups/resource_genesyscloud_architect_schedulegroups.go:80.3,84.39 5 1
terraform-provider-genesyscloud/genesyscloud/architect_schedulegroups/resource_genesyscloud_architect_schedulegroups.go:84.39,86.4 1 1
terraform-provider-genesyscloud/genesyscloud/architect_schedulegroups/resource_genesyscloud_architect_schedulegroups.go:88.3,89.36 2 1
terraform-provider-genesyscloud/genesyscloud/architect_schedulegroups/resource_genesyscloud_architect_schedulegroups.go:89.36,91.4 1 1
terraform-provider-genesyscloud/genesyscloud/architect_schedulegroups/resource_genesyscloud_architect_schedulegroups.go:93.3,93.41 1 1
terraform-provider-genesyscloud/genesyscloud/architect_schedulegroups/resource_genesyscloud_architect_schedulegroups.go:93.41,95.4 1 1
terraform-provider-genesyscloud/genesyscloud/architect_schedulegroups/resource_genesyscloud_architect_schedulegroups.go:95.9,97.4 1 0
terraform-provider-genesyscloud/genesyscloud/architect_schedulegroups/resource_genesyscloud_architect_schedulegroups.go:99.3,99.43 1 1
terraform-provider-genesyscloud/genesyscloud/architect_schedulegroups/resource_genesyscloud_architect_schedulegroups.go:99.43,101.4 1 1
terraform-provider-genesyscloud/genesyscloud/architect_schedulegroups/resource_genesyscloud_architect_schedulegroups.go:101.9,103.4 1 0
terraform-provider-genesyscloud/genesyscloud/architect_schedulegroups/resource_genesyscloud_architect_schedulegroups.go:105.3,105.44 1 1
terraform-provider-genesyscloud/genesyscloud/architect_schedulegroups/resource_genesyscloud_architect_schedulegroups.go:105.44,107.4 1 1
terraform-provider-genesyscloud/genesyscloud/architect_schedulegroups/resource_genesyscloud_architect_schedulegroups.go:107.9,109.4 1 0
terraform-provider-genesyscloud/genesyscloud/architect_schedulegroups/resource_genesyscloud_architect_schedulegroups.go:111.3,112.25 2 1
terraform-provider-genesyscloud/genesyscloud/architect_schedulegroups/resource_genesyscloud_architect_schedulegroups.go:117.116,126.16 6 1
terraform-provider-genesyscloud/genesyscloud/architect_schedulegroups/resource_genesyscloud_architect_schedulegroups.go:126.16,128.71 2 0
terraform-provider-genesyscloud/genesyscloud/architect_schedulegroups/resource_genesyscloud_architect_schedulegroups.go:128.71,130.4 1 0
terraform-provider-genesyscloud/genesyscloud/architect_schedulegroups/resource_genesyscloud_architect_schedulegroups.go:131.3,131.101 1 0
terraform-provider-genesyscloud/genesyscloud/architect_schedulegroups/resource_genesyscloud_architect_schedulegroups.go:134.2,135.50 2 1
terraform-provider-genesyscloud/genesyscloud/architect_schedulegroups/resource_genesyscloud_architect_schedulegroups.go:139.116,145.103 4 1
terraform-provider-genesyscloud/genesyscloud/architect_schedulegroups/resource_genesyscloud_architect_schedulegroups.go:145.103,148.17 3 1
terraform-provider-genesyscloud/genesyscloud/architect_schedulegroups/resource_genesyscloud_architect_schedulegroups.go:148.17,150.4 1 0
terraform-provider-genesyscloud/genesyscloud/architect_schedulegroups/resource_genesyscloud_architect_schedulegroups.go:151.3,151.28 1 1
terraform-provider-genesyscloud/genesyscloud/architect_schedulegroups/resource_genesyscloud_architect_schedulegroups.go:153.2,153.20 1 1
terraform-provider-genesyscloud/genesyscloud/architect_schedulegroups/resource_genesyscloud_architect_schedulegroups.go:153.20,155.3 1 0
terraform-provider-genesyscloud/genesyscloud/architect_schedulegroups/resource_genesyscloud_architect_schedulegroups.go:157.2,157.72 1 1
terraform-provider-genesyscloud/genesyscloud/architect_schedulegroups/resource_genesyscloud_architect_schedulegroups.go:157.72,159.17 2 1
terraform-provider-genesyscloud/genesyscloud/architect_schedulegroups/resource_genesyscloud_architect_schedulegroups.go:159.17,160.39 1 1
terraform-provider-genesyscloud/genesyscloud/architect_schedulegroups/resource_genesyscloud_architect_schedulegroups.go:160.39,164.5 2 1
terraform-provider-genesyscloud/genesyscloud/architect_schedulegroups/resource_genesyscloud_architect_schedulegroups.go:165.4,165.99 1 0
terraform-provider-genesyscloud/genesyscloud/architect_schedulegroups/resource_genesyscloud_architect_schedulegroups.go:168.3,168.70 1 0
terraform-provider-genesyscloud/genesyscloud/architect_schedulegroups/resource_genesyscloud_architect_schedulegroups.go:168.70,172.4 2 0
terraform-provider-genesyscloud/genesyscloud/architect_schedulegroups/resource_genesyscloud_architect_schedulegroups.go:173.3,173.84 1 0
terraform-provider-genesyscloud/genesyscloud/architect_schedulegroups/resource_genesyscloud_architect_schedulegroups.go:177.103,190.22 5 1
terraform-provider-genesyscloud/genesyscloud/architect_schedulegroups/resource_genesyscloud_architect_schedulegroups.go:190.22,192.3 1 1
terraform-provider-genesyscloud/genesyscloud/architect_schedulegroups/resource_genesyscloud_architect_schedulegroups.go:194.2,194.23 1 1
terraform-provider-genesyscloud/genesyscloud/architect_schedulegroups/resource_genesyscloud_architect_schedulegroups.go:194.23,196.3 1 1
terraform-provider-genesyscloud/genesyscloud/architect_schedulegroups/resource_genesyscloud_architect_schedulegroups.go:198.2,198.20 1 1
terraform-provider-genesyscloud/genesyscloud/architect_schedulegroups/resource_genesyscloud_architect_schedulegroups.go:198.20,200.3 1 1
terraform-provider-genesyscloud/genesyscloud/architect_schedulegroups/resource_genesyscloud_architect_schedulegroups.go:202.2,202.22 1 1
terraform-provider-genesyscloud/genesyscloud/architect_schedulegroups/resource_genesyscloud_architect_schedulegroups_schema.go:22.52,26.2 3 0
terraform-provider-genesyscloud/genesyscloud/architect_schedulegroups/resource_genesyscloud_architect_schedulegroups_schema.go:29.57,83.2 1 1
terraform-provider-genesyscloud/genesyscloud/architect_schedulegroups/resource_genesyscloud_architect_schedulegroups_schema.go:86.75,96.2 1 0
terraform-provider-genesyscloud/genesyscloud/architect_schedulegroups/resource_genesyscloud_architect_schedulegroups_schema.go:99.59,114.2 1 1
terraform-provider-genesyscloud/genesyscloud/architect_grammar_language/genesyscloud_architect_grammar_language_proxy.go:50.116,63.2 3 1
terraform-provider-genesyscloud/genesyscloud/architect_grammar_language/genesyscloud_architect_grammar_language_proxy.go:67.116,68.26 1 1
terraform-provider-genesyscloud/genesyscloud/architect_grammar_language/genesyscloud_architect_grammar_language_proxy.go:68.26,70.3 1 1
terraform-provider-genesyscloud/genesyscloud/architect_grammar_language/genesyscloud_architect_grammar_language_proxy.go:72.2,72.22 1 1
terraform-provider-genesyscloud/genesyscloud/architect_grammar_language/genesyscloud_architect_grammar_language_proxy.go:76.211,78.2 1 1
terraform-provider-genesyscloud/genesyscloud/architect_grammar_language/genesyscloud_architect_grammar_language_proxy.go:81.207,83.2 1 1
terraform-provider-genesyscloud/genesyscloud/architect_grammar_language/genesyscloud_architect_grammar_language_proxy.go:86.250,88.2 1 1
terraform-provider-genesyscloud/genesyscloud/architect_grammar_language/genesyscloud_architect_grammar_language_proxy.go:91.171,93.2 1 1
terraform-provider-genesyscloud/genesyscloud/architect_grammar_language/genesyscloud_architect_grammar_language_proxy.go:96.169,98.2 1 0
terraform-provider-genesyscloud/genesyscloud/architect_grammar_language/genesyscloud_architect_grammar_language_proxy.go:101.210,103.16 2 1
terraform-provider-genesyscloud/genesyscloud/architect_grammar_language/genesyscloud_architect_grammar_language_proxy.go:103.16,105.3 1 0
terraform-provider-genesyscloud/genesyscloud/architect_grammar_language/genesyscloud_architect_grammar_language_proxy.go:108.2,108.85 1 1
terraform-provider-genesyscloud/genesyscloud/architect_grammar_language/genesyscloud_architect_grammar_language_proxy.go:108.85,109.115 1 1
terraform-provider-genesyscloud/genesyscloud/architect_grammar_language/genesyscloud_architect_grammar_language_proxy.go:109.115,111.4 1 0
terraform-provider-genesyscloud/genesyscloud/architect_grammar_language/genesyscloud_architect_grammar_language_proxy.go:115.2,115.83 1 1
terraform-provider-genesyscloud/genesyscloud/architect_grammar_language/genesyscloud_architect_grammar_language_proxy.go:115.83,116.113 1 1
terraform-provider-genesyscloud/genesyscloud/architect_grammar_language/genesyscloud_architect_grammar_language_proxy.go:116.113,118.4 1 0
terraform-provider-genesyscloud/genesyscloud/architect_grammar_language/genesyscloud_architect_grammar_language_proxy.go:121.2,121.31 1 1
terraform-provider-genesyscloud/genesyscloud/architect_grammar_language/genesyscloud_architect_grammar_language_proxy.go:125.206,127.21 2 1
terraform-provider-genesyscloud/genesyscloud/architect_grammar_language/genesyscloud_architect_grammar_language_proxy.go:127.21,129.3 1 0
terraform-provider-genesyscloud/genesyscloud/architect_grammar_language/genesyscloud_architect_grammar_language_proxy.go:130.2,130.76 1 1
terraform-provider-genesyscloud/genesyscloud/architect_grammar_language/genesyscloud_architect_grammar_language_proxy.go:134.249,141.16 3 1
terraform-provider-genesyscloud/genesyscloud/architect_grammar_language/genesyscloud_architect_grammar_language_proxy.go:141.16,143.3 1 0
terraform-provider-genesyscloud/genesyscloud/architect_grammar_language/genesyscloud_architect_grammar_language_proxy.go:146.2,146.85 1 1
terraform-provider-genesyscloud/genesyscloud/architect_grammar_language/genesyscloud_architect_grammar_language_proxy.go:146.85,147.115 1 1
terraform-provider-genesyscloud/genesyscloud/architect_grammar_language/genesyscloud_architect_grammar_language_proxy.go:147.115,149.4 1 0
terraform-provider-genesyscloud/genesyscloud/architect_grammar_language/genesyscloud_architect_grammar_language_proxy.go:153.2,153.83 1 1
terraform-provider-genesyscloud/genesyscloud/architect_grammar_language/genesyscloud_architect_grammar_language_proxy.go:153.83,154.113 1 1
terraform-provider-genesyscloud/genesyscloud/architect_grammar_language/genesyscloud_architect_grammar_language_proxy.go:154.113,156.4 1 0
terraform-provider-genesyscloud/genesyscloud/architect_grammar_language/genesyscloud_architect_grammar_language_proxy.go:159.2,159.31 1 1
terraform-provider-genesyscloud/genesyscloud/architect_grammar_language/genesyscloud_architect_grammar_language_proxy.go:163.183,165.2 1 1
terraform-provider-genesyscloud/genesyscloud/architect_grammar_language/genesyscloud_architect_grammar_language_proxy.go:168.185,178.23 2 1
terraform-provider-genesyscloud/genesyscloud/architect_grammar_language/genesyscloud_architect_grammar_language_proxy.go:178.23,181.3 2 1
terraform-provider-genesyscloud/genesyscloud/architect_grammar_language/genesyscloud_architect_grammar_language_proxy.go:182.2,182.22 1 1
terraform-provider-genesyscloud/genesyscloud/architect_grammar_language/genesyscloud_architect_grammar_language_proxy.go:182.22,185.3 2 1
terraform-provider-genesyscloud/genesyscloud/architect_grammar_language/genesyscloud_architect_grammar_language_proxy.go:186.2,186.16 1 1
terraform-provider-genesyscloud/genesyscloud/architect_grammar_language/genesyscloud_architect_grammar_language_proxy.go:186.16,188.3 1 0
terraform-provider-genesyscloud/genesyscloud/architect_grammar_language/genesyscloud_architect_grammar_language_proxy.go:190.2,191.16 2 1
terraform-provider-genesyscloud/genesyscloud/architect_grammar_language/genesyscloud_architect_grammar_language_proxy.go:191.16,193.3 1 0
terraform-provider-genesyscloud/genesyscloud/architect_grammar_language/genesyscloud_architect_grammar_language_proxy.go:195.2,197.116 2 1
terraform-provider-genesyscloud/genesyscloud/architect_grammar_language/genesyscloud_architect_grammar_language_proxy.go:197.116,199.3 1 0
terraform-provider-genesyscloud/genesyscloud/architect_grammar_language/genesyscloud_architect_grammar_language_proxy.go:201.2,201.17 1 1
terraform-provider-genesyscloud/genesyscloud/architect_grammar_language/genesyscloud_architect_grammar_language_proxy.go:205.168,209.16 3 0
terraform-provider-genesyscloud/genesyscloud/architect_grammar_language/genesyscloud_architect_grammar_language_proxy.go:209.16,211.3 1 0
terraform-provider-genesyscloud/genesyscloud/architect_grammar_language/genesyscloud_architect_grammar_language_proxy.go:212.2,212.62 1 0
terraform-provider-genesyscloud/genesyscloud/architect_grammar_language/genesyscloud_architect_grammar_language_proxy.go:212.62,214.3 1 0
terraform-provider-genesyscloud/genesyscloud/architect_grammar_language/genesyscloud_architect_grammar_language_proxy.go:216.2,216.45 1 0
terraform-provider-genesyscloud/genesyscloud/architect_grammar_language/genesyscloud_architect_grammar_language_proxy.go:216.45,217.31 1 0
terraform-provider-genesyscloud/genesyscloud/architect_grammar_language/genesyscloud_architect_grammar_language_proxy.go:217.31,219.4 1 0
terraform-provider-genesyscloud/genesyscloud/architect_grammar_language/genesyscloud_architect_grammar_language_proxy.go:222.2,222.62 1 0
terraform-provider-genesyscloud/genesyscloud/architect_grammar_language/genesyscloud_architect_grammar_language_proxy.go:222.62,226.17 3 0
terraform-provider-genesyscloud/genesyscloud/architect_grammar_language/genesyscloud_architect_grammar_language_proxy.go:226.17,228.4 1 0
terraform-provider-genesyscloud/genesyscloud/architect_grammar_language/genesyscloud_architect_grammar_language_proxy.go:230.3,230.63 1 0
terraform-provider-genesyscloud/genesyscloud/architect_grammar_language/genesyscloud_architect_grammar_language_proxy.go:230.63,231.9 1 0
terraform-provider-genesyscloud/genesyscloud/architect_grammar_language/genesyscloud_architect_grammar_language_proxy.go:234.3,234.46 1 0
terraform-provider-genesyscloud/genesyscloud/architect_grammar_language/genesyscloud_architect_grammar_language_proxy.go:234.46,235.32 1 0
terraform-provider-genesyscloud/genesyscloud/architect_grammar_language/genesyscloud_architect_grammar_language_proxy.go:235.32,237.5 1 0
terraform-provider-genesyscloud/genesyscloud/architect_grammar_language/genesyscloud_architect_grammar_language_proxy.go:241.2,241.40 1 0
terraform-provider-genesyscloud/genesyscloud/architect_grammar_language/genesyscloud_architect_grammar_language_proxy.go:241.40,243.3 1 0
terraform-provider-genesyscloud/genesyscloud/architect_grammar_language/genesyscloud_architect_grammar_language_proxy.go:245.2,245.33 1 0
terraform-provider-genesyscloud/genesyscloud/architect_grammar_language/resource_genesyscloud_architect_grammar_language.go:26.163,31.16 4 0
terraform-provider-genesyscloud/genesyscloud/architect_grammar_language/resource_genesyscloud_architect_grammar_language.go:31.16,33.3 1 0
terraform-provider-genesyscloud/genesyscloud/architect_grammar_language/resource_genesyscloud_architect_grammar_language.go:35.2,35.38 1 0
terraform-provider-genesyscloud/genesyscloud/architect_grammar_language/resource_genesyscloud_architect_grammar_language.go:35.38,38.3 2 0
terraform-provider-genesyscloud/genesyscloud/architect_grammar_language/resource_genesyscloud_architect_grammar_language.go:40.2,40.23 1 0
terraform-provider-genesyscloud/genesyscloud/architect_grammar_language/resource_genesyscloud_architect_grammar_language.go:44.117,52.16 6 1
terraform-provider-genesyscloud/genesyscloud/architect_grammar_language/resource_genesyscloud_architect_grammar_language.go:52.16,54.3 1 0
terraform-provider-genesyscloud/genesyscloud/architect_grammar_language/resource_genesyscloud_architect_grammar_language.go:57.2,60.51 4 1
terraform-provider-genesyscloud/genesyscloud/architect_grammar_language/resource_genesyscloud_architect_grammar_language.go:64.115,70.66 4 1
terraform-provider-genesyscloud/genesyscloud/architect_grammar_language/resource_genesyscloud_architect_grammar_language.go:70.66,74.20 3 1
terraform-provider-genesyscloud/genesyscloud/architect_grammar_language/resource_genesyscloud_architect_grammar_language.go:74.20,76.30 2 0
terraform-provider-genesyscloud/genesyscloud/architect_grammar_language/resource_genesyscloud_architect_grammar_language.go:76.30,78.5 1 0
terraform-provider-genesyscloud/genesyscloud/architect_grammar_language/resource_genesyscloud_architect_grammar_language.go:79.4,79.64 1 0
terraform-provider-genesyscloud/genesyscloud/architect_grammar_language/resource_genesyscloud_architect_grammar_language.go:82.3,86.40 4 1
terraform-provider-genesyscloud/genesyscloud/architect_grammar_language/resource_genesyscloud_architect_grammar_language.go:86.40,88.4 1 1
terraform-provider-genesyscloud/genesyscloud/architect_grammar_language/resource_genesyscloud_architect_grammar_language.go:89.3,89.39 1 1
terraform-provider-genesyscloud/genesyscloud/architect_grammar_language/resource_genesyscloud_architect_grammar_language.go:89.39,91.4 1 1
terraform-provider-genesyscloud/genesyscloud/architect_grammar_language/resource_genesyscloud_architect_grammar_language.go:93.3,94.25 2 1
terraform-provider-genesyscloud/genesyscloud/architect_grammar_language/resource_genesyscloud_architect_grammar_language.go:98.58,100.21 2 1
terraform-provider-genesyscloud/genesyscloud/architect_grammar_language/resource_genesyscloud_architect_grammar_language.go:100.21,102.3 1 1
terraform-provider-genesyscloud/genesyscloud/architect_grammar_language/resource_genesyscloud_architect_grammar_language.go:103.2,103.15 1 0
terraform-provider-genesyscloud/genesyscloud/architect_grammar_language/resource_genesyscloud_architect_grammar_language.go:107.117,115.16 6 1
terraform-provider-genesyscloud/genesyscloud/architect_grammar_language/resource_genesyscloud_architect_grammar_language.go:115.16,117.3 1 0
terraform-provider-genesyscloud/genesyscloud/architect_grammar_language/resource_genesyscloud_architect_grammar_language.go:119.2,120.51 2 1
terraform-provider-genesyscloud/genesyscloud/architect_grammar_language/resource_genesyscloud_architect_grammar_language.go:124.117,130.16 5 1
terraform-provider-genesyscloud/genesyscloud/architect_grammar_language/resource_genesyscloud_architect_grammar_language.go:130.16,132.3 1 0
terraform-provider-genesyscloud/genesyscloud/architect_grammar_language/resource_genesyscloud_architect_grammar_language.go:134.2,134.73 1 1
terraform-provider-genesyscloud/genesyscloud/architect_grammar_language/resource_genesyscloud_architect_grammar_language.go:134.73,137.17 2 1
terraform-provider-genesyscloud/genesyscloud/architect_grammar_language/resource_genesyscloud_architect_grammar_language.go:137.17,138.30 1 1
terraform-provider-genesyscloud/genesyscloud/architect_grammar_language/resource_genesyscloud_architect_grammar_language.go:138.30,141.5 2 1
terraform-provider-genesyscloud/genesyscloud/architect_grammar_language/resource_genesyscloud_architect_grammar_language.go:142.4,143.64 2 0
terraform-provider-genesyscloud/genesyscloud/architect_grammar_language/resource_genesyscloud_architect_grammar_language.go:145.3,145.86 1 0
terraform-provider-genesyscloud/genesyscloud/architect_grammar_language/resource_genesyscloud_architect_grammar_language_schema.go:23.52,26.2 2 0
terraform-provider-genesyscloud/genesyscloud/architect_grammar_language/resource_genesyscloud_architect_grammar_language_schema.go:29.58,92.2 2 1
terraform-provider-genesyscloud/genesyscloud/architect_grammar_language/resource_genesyscloud_architect_grammar_language_schema.go:95.76,106.2 1 0
terraform-provider-genesyscloud/genesyscloud/architect_grammar_language/resource_genesyscloud_architect_grammar_language_utils.go:25.107,31.75 2 1
terraform-provider-genesyscloud/genesyscloud/architect_grammar_language/resource_genesyscloud_architect_grammar_language_utils.go:31.75,33.3 1 1
terraform-provider-genesyscloud/genesyscloud/architect_grammar_language/resource_genesyscloud_architect_grammar_language_utils.go:35.2,35.73 1 1
terraform-provider-genesyscloud/genesyscloud/architect_grammar_language/resource_genesyscloud_architect_grammar_language_utils.go:35.73,37.3 1 1
terraform-provider-genesyscloud/genesyscloud/architect_grammar_language/resource_genesyscloud_architect_grammar_language_utils.go:39.2,39.24 1 1
terraform-provider-genesyscloud/genesyscloud/architect_grammar_language/resource_genesyscloud_architect_grammar_language_utils.go:42.113,43.51 1 1
terraform-provider-genesyscloud/genesyscloud/architect_grammar_language/resource_genesyscloud_architect_grammar_language_utils.go:43.51,45.3 1 0
terraform-provider-genesyscloud/genesyscloud/architect_grammar_language/resource_genesyscloud_architect_grammar_language_utils.go:47.2,49.9 3 1
terraform-provider-genesyscloud/genesyscloud/architect_grammar_language/resource_genesyscloud_architect_grammar_language_utils.go:49.9,51.3 1 0
terraform-provider-genesyscloud/genesyscloud/architect_grammar_language/resource_genesyscloud_architect_grammar_language_utils.go:53.2,60.16 6 1
terraform-provider-genesyscloud/genesyscloud/architect_grammar_language/resource_genesyscloud_architect_grammar_language_utils.go:60.16,62.3 1 0
terraform-provider-genesyscloud/genesyscloud/architect_grammar_language/resource_genesyscloud_architect_grammar_language_utils.go:62.8,64.3 1 1
terraform-provider-genesyscloud/genesyscloud/architect_grammar_language/resource_genesyscloud_architect_grammar_language_utils.go:66.2,66.21 1 1
terraform-provider-genesyscloud/genesyscloud/architect_grammar_language/resource_genesyscloud_architect_grammar_language_utils.go:69.158,70.25 1 1
terraform-provider-genesyscloud/genesyscloud/architect_grammar_language/resource_genesyscloud_architect_grammar_language_utils.go:70.25,72.3 1 0
terraform-provider-genesyscloud/genesyscloud/architect_grammar_language/resource_genesyscloud_architect_grammar_language_utils.go:74.2,79.23 4 1
terraform-provider-genesyscloud/genesyscloud/architect_grammar_language/resource_genesyscloud_architect_grammar_language_utils.go:79.23,80.80 1 1
terraform-provider-genesyscloud/genesyscloud/architect_grammar_language/resource_genesyscloud_architect_grammar_language_utils.go:80.80,82.66 2 1
terraform-provider-genesyscloud/genesyscloud/architect_grammar_language/resource_genesyscloud_architect_grammar_language_utils.go:82.66,84.5 1 1
terraform-provider-genesyscloud/genesyscloud/architect_grammar_language/resource_genesyscloud_architect_grammar_language_utils.go:87.2,87.22 1 1
terraform-provider-genesyscloud/genesyscloud/architect_grammar_language/resource_genesyscloud_architect_grammar_language_utils.go:87.22,88.77 1 1
terraform-provider-genesyscloud/genesyscloud/architect_grammar_language/resource_genesyscloud_architect_grammar_language_utils.go:88.77,90.65 2 1
terraform-provider-genesyscloud/genesyscloud/architect_grammar_language/resource_genesyscloud_architect_grammar_language_utils.go:90.65,92.5 1 1
terraform-provider-genesyscloud/genesyscloud/architect_grammar_language/resource_genesyscloud_architect_grammar_language_utils.go:96.2,96.35 1 1
terraform-provider-genesyscloud/genesyscloud/architect_grammar_language/resource_genesyscloud_architect_grammar_language_utils.go:111.147,116.59 4 0
terraform-provider-genesyscloud/genesyscloud/architect_grammar_language/resource_genesyscloud_architect_grammar_language_utils.go:116.59,118.3 1 0
terraform-provider-genesyscloud/genesyscloud/architect_grammar_language/resource_genesyscloud_architect_grammar_language_utils.go:120.2,122.16 3 0
terraform-provider-genesyscloud/genesyscloud/architect_grammar_language/resource_genesyscloud_architect_grammar_language_utils.go:122.16,124.3 1 0
terraform-provider-genesyscloud/genesyscloud/architect_grammar_language/resource_genesyscloud_architect_grammar_language_utils.go:126.2,134.50 2 0
terraform-provider-genesyscloud/genesyscloud/architect_grammar_language/resource_genesyscloud_architect_grammar_language_utils.go:137.74,138.50 1 0
terraform-provider-genesyscloud/genesyscloud/architect_grammar_language/resource_genesyscloud_architect_grammar_language_utils.go:138.50,140.3 1 0
terraform-provider-genesyscloud/genesyscloud/architect_grammar_language/resource_genesyscloud_architect_grammar_language_utils.go:141.2,141.33 1 0
terraform-provider-genesyscloud/genesyscloud/architect_grammar_language/resource_genesyscloud_architect_grammar_language_utils.go:144.79,152.25 3 0
[...]
terraform-provider-genesyscloud/genesyscloud/flow_outcome/genesyscloud_flow_outcome_proxy.go:104.2,104.70 1 0
terraform-provider-genesyscloud/genesyscloud/flow_outcome/genesyscloud_flow_outcome_proxy.go:104.70,106.3 1 0
terraform-provider-genesyscloud/genesyscloud/flow_outcome/genesyscloud_flow_outcome_proxy.go:107.2,107.53 1 0
terraform-provider-genesyscloud/genesyscloud/flow_outcome/genesyscloud_flow_outcome_proxy.go:107.53,109.3 1 0
terraform-provider-genesyscloud/genesyscloud/flow_outcome/genesyscloud_flow_outcome_proxy.go:111.2,111.66 1 0
terraform-provider-genesyscloud/genesyscloud/flow_outcome/genesyscloud_flow_outcome_proxy.go:111.66,113.17 2 0
terraform-provider-genesyscloud/genesyscloud/flow_outcome/genesyscloud_flow_outcome_proxy.go:113.17,115.4 1 0
terraform-provider-genesyscloud/genesyscloud/flow_outcome/genesyscloud_flow_outcome_proxy.go:117.3,117.71 1 0
terraform-provider-genesyscloud/genesyscloud/flow_outcome/genesyscloud_flow_outcome_proxy.go:117.71,118.9 1 0
terraform-provider-genesyscloud/genesyscloud/flow_outcome/genesyscloud_flow_outcome_proxy.go:121.3,121.54 1 0
terraform-provider-genesyscloud/genesyscloud/flow_outcome/genesyscloud_flow_outcome_proxy.go:121.54,123.4 1 0
terraform-provider-genesyscloud/genesyscloud/flow_outcome/genesyscloud_flow_outcome_proxy.go:125.2,125.36 1 0
terraform-provider-genesyscloud/genesyscloud/flow_outcome/genesyscloud_flow_outcome_proxy.go:129.165,131.16 2 0
terraform-provider-genesyscloud/genesyscloud/flow_outcome/genesyscloud_flow_outcome_proxy.go:131.16,133.3 1 0
terraform-provider-genesyscloud/genesyscloud/flow_outcome/genesyscloud_flow_outcome_proxy.go:135.2,135.70 1 0
terraform-provider-genesyscloud/genesyscloud/flow_outcome/genesyscloud_flow_outcome_proxy.go:135.70,137.3 1 0
terraform-provider-genesyscloud/genesyscloud/flow_outcome/genesyscloud_flow_outcome_proxy.go:139.2,139.56 1 0
terraform-provider-genesyscloud/genesyscloud/flow_outcome/genesyscloud_flow_outcome_proxy.go:139.56,140.35 1 0
terraform-provider-genesyscloud/genesyscloud/flow_outcome/genesyscloud_flow_outcome_proxy.go:140.35,143.4 2 0
terraform-provider-genesyscloud/genesyscloud/flow_outcome/genesyscloud_flow_outcome_proxy.go:145.2,145.85 1 0
terraform-provider-genesyscloud/genesyscloud/flow_outcome/genesyscloud_flow_outcome_proxy.go:149.175,151.16 2 0
terraform-provider-genesyscloud/genesyscloud/flow_outcome/genesyscloud_flow_outcome_proxy.go:151.16,153.3 1 0
terraform-provider-genesyscloud/genesyscloud/flow_outcome/genesyscloud_flow_outcome_proxy.go:154.2,154.31 1 0
terraform-provider-genesyscloud/genesyscloud/flow_outcome/genesyscloud_flow_outcome_proxy.go:158.192,160.16 2 0
terraform-provider-genesyscloud/genesyscloud/flow_outcome/genesyscloud_flow_outcome_proxy.go:160.16,162.3 1 0
terraform-provider-genesyscloud/genesyscloud/flow_outcome/genesyscloud_flow_outcome_proxy.go:163.2,163.31 1 0
terraform-provider-genesyscloud/genesyscloud/flow_outcome/resource_genesyscloud_flow_outcome.go:27.151,32.16 4 0
terraform-provider-genesyscloud/genesyscloud/flow_outcome/resource_genesyscloud_flow_outcome.go:32.16,34.3 1 0
terraform-provider-genesyscloud/genesyscloud/flow_outcome/resource_genesyscloud_flow_outcome.go:36.2,36.44 1 0
terraform-provider-genesyscloud/genesyscloud/flow_outcome/resource_genesyscloud_flow_outcome.go:36.44,38.3 1 0
terraform-provider-genesyscloud/genesyscloud/flow_outcome/resource_genesyscloud_flow_outcome.go:39.2,39.23 1 0
terraform-provider-genesyscloud/genesyscloud/flow_outcome/resource_genesyscloud_flow_outcome.go:43.104,51.16 6 0
terraform-provider-genesyscloud/genesyscloud/flow_outcome/resource_genesyscloud_flow_outcome.go:51.16,53.3 1 0
terraform-provider-genesyscloud/genesyscloud/flow_outcome/resource_genesyscloud_flow_outcome.go:55.2,57.38 3 0
terraform-provider-genesyscloud/genesyscloud/flow_outcome/resource_genesyscloud_flow_outcome.go:61.102,67.66 4 0
terraform-provider-genesyscloud/genesyscloud/flow_outcome/resource_genesyscloud_flow_outcome.go:67.66,70.20 2 0
terraform-provider-genesyscloud/genesyscloud/flow_outcome/resource_genesyscloud_flow_outcome.go:70.20,71.30 1 0
terraform-provider-genesyscloud/genesyscloud/flow_outcome/resource_genesyscloud_flow_outcome.go:71.30,73.5 1 0
terraform-provider-genesyscloud/genesyscloud/flow_outcome/resource_genesyscloud_flow_outcome.go:74.4,74.100 1 0
terraform-provider-genesyscloud/genesyscloud/flow_outcome/resource_genesyscloud_flow_outcome.go:77.3,84.25 6 0
terraform-provider-genesyscloud/genesyscloud/flow_outcome/resource_genesyscloud_flow_outcome.go:89.104,97.16 6 0
terraform-provider-genesyscloud/genesyscloud/flow_outcome/resource_genesyscloud_flow_outcome.go:97.16,99.3 1 0
terraform-provider-genesyscloud/genesyscloud/flow_outcome/resource_genesyscloud_flow_outcome.go:101.2,102.38 2 0
terraform-provider-genesyscloud/genesyscloud/flow_outcome/resource_genesyscloud_flow_outcome.go:106.104,108.2 1 0
terraform-provider-genesyscloud/genesyscloud/flow_outcome/resource_genesyscloud_flow_outcome_schema.go:22.52,26.2 3 0
terraform-provider-genesyscloud/genesyscloud/flow_outcome/resource_genesyscloud_flow_outcome_schema.go:29.45,60.2 1 1
terraform-provider-genesyscloud/genesyscloud/flow_outcome/resource_genesyscloud_flow_outcome_schema.go:63.63,70.2 1 0
terraform-provider-genesyscloud/genesyscloud/flow_outcome/resource_genesyscloud_flow_outcome_schema.go:73.47,88.2 1 1
terraform-provider-genesyscloud/genesyscloud/flow_outcome/resource_genesyscloud_flow_outcome_utils.go:14.90,22.22 4 0
terraform-provider-genesyscloud/genesyscloud/flow_outcome/resource_genesyscloud_flow_outcome_utils.go:22.22,24.3 1 0
terraform-provider-genesyscloud/genesyscloud/flow_outcome/resource_genesyscloud_flow_outcome_utils.go:25.2,25.23 1 0
terraform-provider-genesyscloud/genesyscloud/flow_outcome/resource_genesyscloud_flow_outcome_utils.go:25.23,27.3 1 0
terraform-provider-genesyscloud/genesyscloud/flow_outcome/resource_genesyscloud_flow_outcome_utils.go:29.2,29.16 1 0
terraform-provider-genesyscloud/genesyscloud/architect_emergencygroup/data_source_genesyscloud_architect_emergencygroup.go:16.112,23.72 4 1
terraform-provider-genesyscloud/genesyscloud/architect_emergencygroup/data_source_genesyscloud_architect_emergencygroup.go:23.72,27.20 4 1
terraform-provider-genesyscloud/genesyscloud/architect_emergencygroup/data_source_genesyscloud_architect_emergencygroup.go:27.20,29.4 1 0
terraform-provider-genesyscloud/genesyscloud/architect_emergencygroup/data_source_genesyscloud_architect_emergencygroup.go:31.3,31.77 1 1
terraform-provider-genesyscloud/genesyscloud/architect_emergencygroup/data_source_genesyscloud_architect_emergencygroup.go:31.77,33.4 1 1
terraform-provider-genesyscloud/genesyscloud/architect_emergencygroup/data_source_genesyscloud_architect_emergencygroup.go:35.3,37.13 3 1
terraform-provider-genesyscloud/genesyscloud/architect_emergencygroup/genesyscloud_architect_emergencygroup_proxy.go:29.114,41.2 2 1
terraform-provider-genesyscloud/genesyscloud/architect_emergencygroup/genesyscloud_architect_emergencygroup_proxy.go:43.114,44.26 1 1
terraform-provider-genesyscloud/genesyscloud/architect_emergencygroup/genesyscloud_architect_emergencygroup_proxy.go:44.26,46.3 1 1
terraform-provider-genesyscloud/genesyscloud/architect_emergencygroup/genesyscloud_architect_emergencygroup_proxy.go:48.2,48.22 1 1
terraform-provider-genesyscloud/genesyscloud/architect_emergencygroup/genesyscloud_architect_emergencygroup_proxy.go:51.167,53.2 1 0
terraform-provider-genesyscloud/genesyscloud/architect_emergencygroup/genesyscloud_architect_emergencygroup_proxy.go:55.186,57.2 1 1
terraform-provider-genesyscloud/genesyscloud/architect_emergencygroup/genesyscloud_architect_emergencygroup_proxy.go:59.237,61.2 1 1
terraform-provider-genesyscloud/genesyscloud/architect_emergencygroup/genesyscloud_architect_emergencygroup_proxy.go:63.220,65.2 1 1
terraform-provider-genesyscloud/genesyscloud/architect_emergencygroup/genesyscloud_architect_emergencygroup_proxy.go:67.155,69.2 1 1
terraform-provider-genesyscloud/genesyscloud/architect_emergencygroup/genesyscloud_architect_emergencygroup_proxy.go:71.212,73.2 1 1
terraform-provider-genesyscloud/genesyscloud/architect_emergencygroup/genesyscloud_architect_emergencygroup_proxy.go:75.167,82.19 4 0
terraform-provider-genesyscloud/genesyscloud/architect_emergencygroup/genesyscloud_architect_emergencygroup_proxy.go:82.19,84.3 1 0
terraform-provider-genesyscloud/genesyscloud/architect_emergencygroup/genesyscloud_architect_emergencygroup_proxy.go:86.2,86.88 1 0
terraform-provider-genesyscloud/genesyscloud/architect_emergencygroup/genesyscloud_architect_emergencygroup_proxy.go:86.88,88.3 1 0
terraform-provider-genesyscloud/genesyscloud/architect_emergencygroup/genesyscloud_architect_emergencygroup_proxy.go:90.2,90.65 1 0
terraform-provider-genesyscloud/genesyscloud/architect_emergencygroup/genesyscloud_architect_emergencygroup_proxy.go:90.65,92.3 1 0
terraform-provider-genesyscloud/genesyscloud/architect_emergencygroup/genesyscloud_architect_emergencygroup_proxy.go:94.2,94.75 1 0
terraform-provider-genesyscloud/genesyscloud/architect_emergencygroup/genesyscloud_architect_emergencygroup_proxy.go:94.75,97.20 2 0
terraform-provider-genesyscloud/genesyscloud/architect_emergencygroup/genesyscloud_architect_emergencygroup_proxy.go:97.20,99.4 1 0
terraform-provider-genesyscloud/genesyscloud/architect_emergencygroup/genesyscloud_architect_emergencygroup_proxy.go:101.3,101.89 1 0
terraform-provider-genesyscloud/genesyscloud/architect_emergencygroup/genesyscloud_architect_emergencygroup_proxy.go:101.89,102.9 1 0
terraform-provider-genesyscloud/genesyscloud/architect_emergencygroup/genesyscloud_architect_emergencygroup_proxy.go:105.3,105.66 1 0
terraform-provider-genesyscloud/genesyscloud/architect_emergencygroup/genesyscloud_architect_emergencygroup_proxy.go:105.66,107.4 1 0
terraform-provider-genesyscloud/genesyscloud/architect_emergencygroup/genesyscloud_architect_emergencygroup_proxy.go:110.2,110.32 1 0
terraform-provider-genesyscloud/genesyscloud/architect_emergencygroup/genesyscloud_architect_emergencygroup_proxy.go:113.218,115.2 1 1
terraform-provider-genesyscloud/genesyscloud/architect_emergencygroup/genesyscloud_architect_emergencygroup_proxy.go:117.221,122.2 3 1
terraform-provider-genesyscloud/genesyscloud/architect_emergencygroup/genesyscloud_architect_emergencygroup_proxy.go:124.238,126.2 1 1
terraform-provider-genesyscloud/genesyscloud/architect_emergencygroup/genesyscloud_architect_emergencygroup_proxy.go:128.156,130.2 1 1
terraform-provider-genesyscloud/genesyscloud/architect_emergencygroup/genesyscloud_architect_emergencygroup_proxy.go:132.213,134.2 1 1
terraform-provider-genesyscloud/genesyscloud/architect_emergencygroup/resource_genesyscloud_architect_emergencygroup.go:23.150,28.19 4 0
terraform-provider-genesyscloud/genesyscloud/architect_emergencygroup/resource_genesyscloud_architect_emergencygroup.go:28.19,30.3 1 0
terraform-provider-genesyscloud/genesyscloud/architect_emergencygroup/resource_genesyscloud_architect_emergencygroup.go:32.2,32.62 1 0
terraform-provider-genesyscloud/genesyscloud/architect_emergencygroup/resource_genesyscloud_architect_emergencygroup.go:32.62,33.84 1 0
terraform-provider-genesyscloud/genesyscloud/architect_emergencygroup/resource_genesyscloud_architect_emergencygroup.go:33.84,35.4 1 0
terraform-provider-genesyscloud/genesyscloud/architect_emergencygroup/resource_genesyscloud_architect_emergencygroup.go:37.2,37.23 1 0
terraform-provider-genesyscloud/genesyscloud/architect_emergencygroup/resource_genesyscloud_architect_emergencygroup.go:40.107,56.23 8 1
terraform-provider-genesyscloud/genesyscloud/architect_emergencygroup/resource_genesyscloud_architect_emergencygroup.go:56.23,58.3 1 1
terraform-provider-genesyscloud/genesyscloud/architect_emergencygroup/resource_genesyscloud_architect_emergencygroup.go:60.2,60.22 1 1
terraform-provider-genesyscloud/genesyscloud/architect_emergencygroup/resource_genesyscloud_architect_emergencygroup.go:60.22,62.3 1 0
terraform-provider-genesyscloud/genesyscloud/architect_emergencygroup/resource_genesyscloud_architect_emergencygroup.go:64.2,66.16 3 1
terraform-provider-genesyscloud/genesyscloud/architect_emergencygroup/resource_genesyscloud_architect_emergencygroup.go:66.16,68.3 1 0
terraform-provider-genesyscloud/genesyscloud/architect_emergencygroup/resource_genesyscloud_architect_emergencygroup.go:70.2,74.41 3 1
terraform-provider-genesyscloud/genesyscloud/architect_emergencygroup/resource_genesyscloud_architect_emergencygroup.go:77.105,82.66 4 1
terraform-provider-genesyscloud/genesyscloud/architect_emergencygroup/resource_genesyscloud_architect_emergencygroup.go:82.66,84.20 2 1
terraform-provider-genesyscloud/genesyscloud/architect_emergencygroup/resource_genesyscloud_architect_emergencygroup.go:84.20,85.30 1 0
terraform-provider-genesyscloud/genesyscloud/architect_emergencygroup/resource_genesyscloud_architect_emergencygroup.go:85.30,87.5 1 0
terraform-provider-genesyscloud/genesyscloud/architect_emergencygroup/resource_genesyscloud_architect_emergencygroup.go:88.4,88.103 1 0
terraform-provider-genesyscloud/genesyscloud/architect_emergencygroup/resource_genesyscloud_architect_emergencygroup.go:91.3,93.72 2 1
terraform-provider-genesyscloud/genesyscloud/architect_emergencygroup/resource_genesyscloud_architect_emergencygroup.go:93.72,96.4 2 0
terraform-provider-genesyscloud/genesyscloud/architect_emergencygroup/resource_genesyscloud_architect_emergencygroup.go:98.3,104.94 5 1
terraform-provider-genesyscloud/genesyscloud/architect_emergencygroup/resource_genesyscloud_architect_emergencygroup.go:104.94,106.4 1 1
terraform-provider-genesyscloud/genesyscloud/architect_emergencygroup/resource_genesyscloud_architect_emergencygroup.go:106.9,108.4 1 1
terraform-provider-genesyscloud/genesyscloud/architect_emergencygroup/resource_genesyscloud_architect_emergencygroup.go:110.3,111.25 2 1
terraform-provider-genesyscloud/genesyscloud/architect_emergencygroup/resource_genesyscloud_architect_emergencygroup.go:115.107,124.109 7 1
terraform-provider-genesyscloud/genesyscloud/architect_emergencygroup/resource_genesyscloud_architect_emergencygroup.go:124.109,127.20 2 1
terraform-provider-genesyscloud/genesyscloud/architect_emergencygroup/resource_genesyscloud_architect_emergencygroup.go:127.20,129.4 1 0
terraform-provider-genesyscloud/genesyscloud/architect_emergencygroup/resource_genesyscloud_architect_emergencygroup.go:131.3,144.20 4 1
terraform-provider-genesyscloud/genesyscloud/architect_emergencygroup/resource_genesyscloud_architect_emergencygroup.go:144.20,146.4 1 0
terraform-provider-genesyscloud/genesyscloud/architect_emergencygroup/resource_genesyscloud_architect_emergencygroup.go:147.3,147.19 1 1
terraform-provider-genesyscloud/genesyscloud/architect_emergencygroup/resource_genesyscloud_architect_emergencygroup.go:150.2,150.20 1 1
terraform-provider-genesyscloud/genesyscloud/architect_emergencygroup/resource_genesyscloud_architect_emergencygroup.go:150.20,152.3 1 0
terraform-provider-genesyscloud/genesyscloud/architect_emergencygroup/resource_genesyscloud_architect_emergencygroup.go:154.2,155.41 2 1
terraform-provider-genesyscloud/genesyscloud/architect_emergencygroup/resource_genesyscloud_architect_emergencygroup.go:158.107,164.16 5 1
terraform-provider-genesyscloud/genesyscloud/architect_emergencygroup/resource_genesyscloud_architect_emergencygroup.go:164.16,166.3 1 0
terraform-provider-genesyscloud/genesyscloud/architect_emergencygroup/resource_genesyscloud_architect_emergencygroup.go:167.2,167.72 1 1
terraform-provider-genesyscloud/genesyscloud/architect_emergencygroup/resource_genesyscloud_architect_emergencygroup.go:167.72,169.17 2 1
terraform-provider-genesyscloud/genesyscloud/architect_emergencygroup/resource_genesyscloud_architect_emergencygroup.go:169.17,170.30 1 1
terraform-provider-genesyscloud/genesyscloud/architect_emergencygroup/resource_genesyscloud_architect_emergencygroup.go:170.30,174.5 2 1
terraform-provider-genesyscloud/genesyscloud/architect_emergencygroup/resource_genesyscloud_architect_emergencygroup.go:175.4,175.100 1 0
terraform-provider-genesyscloud/genesyscloud/architect_emergencygroup/resource_genesyscloud_architect_emergencygroup.go:178.3,178.72 1 0
terraform-provider-genesyscloud/genesyscloud/architect_emergencygroup/resource_genesyscloud_architect_emergencygroup.go:178.72,182.4 2 0
terraform-provider-genesyscloud/genesyscloud/architect_emergencygroup/resource_genesyscloud_architect_emergencygroup.go:184.3,184.85 1 0
terraform-provider-genesyscloud/genesyscloud/architect_emergencygroup/resource_genesyscloud_architect_emergencygroup_schema.go:13.52,17.2 3 0
terraform-provider-genesyscloud/genesyscloud/architect_emergencygroup/resource_genesyscloud_architect_emergencygroup_schema.go:19.57,77.2 1 1
terraform-provider-genesyscloud/genesyscloud/architect_emergencygroup/resource_genesyscloud_architect_emergencygroup_schema.go:79.59,91.2 1 1
terraform-provider-genesyscloud/genesyscloud/architect_emergencygroup/resource_genesyscloud_architect_emergencygroup_schema.go:93.75,102.2 1 0
terraform-provider-genesyscloud/genesyscloud/architect_emergencygroup/resource_genesyscloud_architect_emergencygroup_utils.go:8.100,10.58 2 1
terraform-provider-genesyscloud/genesyscloud/architect_emergencygroup/resource_genesyscloud_architect_emergencygroup_utils.go:10.58,11.54 1 1
terraform-provider-genesyscloud/genesyscloud/architect_emergencygroup/resource_genesyscloud_architect_emergencygroup_utils.go:11.54,15.72 3 1
terraform-provider-genesyscloud/genesyscloud/architect_emergencygroup/resource_genesyscloud_architect_emergencygroup_utils.go:15.72,17.5 1 1
terraform-provider-genesyscloud/genesyscloud/architect_emergencygroup/resource_genesyscloud_architect_emergencygroup_utils.go:19.4,19.53 1 1
terraform-provider-genesyscloud/genesyscloud/architect_emergencygroup/resource_genesyscloud_architect_emergencygroup_utils.go:19.53,21.21 2 1
terraform-provider-genesyscloud/genesyscloud/architect_emergencygroup/resource_genesyscloud_architect_emergencygroup_utils.go:21.21,23.29 2 1
terraform-provider-genesyscloud/genesyscloud/architect_emergencygroup/resource_genesyscloud_architect_emergencygroup_utils.go:23.29,26.7 2 1
terraform-provider-genesyscloud/genesyscloud/architect_emergencygroup/resource_genesyscloud_architect_emergencygroup_utils.go:27.6,27.39 1 1
terraform-provider-genesyscloud/genesyscloud/architect_emergencygroup/resource_genesyscloud_architect_emergencygroup_utils.go:30.4,30.56 1 1
terraform-provider-genesyscloud/genesyscloud/architect_emergencygroup/resource_genesyscloud_architect_emergencygroup_utils.go:33.2,33.22 1 1
terraform-provider-genesyscloud/genesyscloud/architect_emergencygroup/resource_genesyscloud_architect_emergencygroup_utils.go:36.103,38.46 2 1
terraform-provider-genesyscloud/genesyscloud/architect_emergencygroup/resource_genesyscloud_architect_emergencygroup_utils.go:38.46,40.36 2 1
terraform-provider-genesyscloud/genesyscloud/architect_emergencygroup/resource_genesyscloud_architect_emergencygroup_utils.go:40.36,42.4 1 1
terraform-provider-genesyscloud/genesyscloud/architect_emergencygroup/resource_genesyscloud_architect_emergencygroup_utils.go:43.3,43.54 1 1
terraform-provider-genesyscloud/genesyscloud/architect_emergencygroup/resource_genesyscloud_architect_emergencygroup_utils.go:43.54,45.38 2 1
terraform-provider-genesyscloud/genesyscloud/architect_emergencygroup/resource_genesyscloud_architect_emergencygroup_utils.go:45.38,47.5 1 1
terraform-provider-genesyscloud/genesyscloud/architect_emergencygroup/resource_genesyscloud_architect_emergencygroup_utils.go:48.4,48.74 1 1
terraform-provider-genesyscloud/genesyscloud/architect_emergencygroup/resource_genesyscloud_architect_emergencygroup_utils.go:50.3,50.34 1 1
terraform-provider-genesyscloud/genesyscloud/architect_emergencygroup/resource_genesyscloud_architect_emergencygroup_utils.go:52.2,52.18 1 1
